C251 COMPILER V5.60.0,  DS136_orp_drive                                                    20/05/26  09:50:25  PAGE 1   


C251 COMPILER V5.60.0, COMPILATION OF MODULE DS136_orp_drive
OBJECT MODULE PLACED IN .\Objects\DS136_orp_drive.obj
COMPILER INVOKED BY: C:\Keil_v5\C251\BIN\C251.EXE ..\Driver\DS136_orp_drive.c XSMALL INTR2 BROWSE INCDIR(..\App;..\Drive
                    -r;..\Driver\Library;..\Driver\Tool) DEBUG PRINT(.\Listings\DS136_orp_drive.lst) OBJECT(.\Objects\DS136_orp_drive.obj) 

stmt  level    source

    1          #include "DS136_orp_drive.h"
    2          
    3          #include "stc32g.h"
    4          #include "ADC_drive.h"
    5          #include "LED_drive.h"
    6          
    7          #include "log.h"
    8          
    9          ADC_Handle_t adc0;
   10          
   11          void ORP_Init(ORP_Handle_t* horp)
   12          {
   13   1          adc_init(&adc0,0,3.3f);
   14   1          horp->polarity = 0;
   15   1          horp->vol = 0.0f;
   16   1      }
   17          
   18          float ORP_Read(ORP_Handle_t* horp)
   19          {
   20   1          horp->vol = 2010 - 1333.33f * adc_get(&adc0);
   21   1          
   22   1          if(horp->vol < 0)
   23   1              horp->polarity = 1;
   24   1          else
   25   1              horp->polarity = 0;
   26   1      //    LOG_DEBUG"polarity = %u\n",horp->polarity);
   27   1      
   28   1      #define CLAMP_SIMPLE(val, lo, hi) \
   29   1          (((val) < (lo)) ? (lo) : (((val) > (hi)) ? (hi) : (val)))
   30   1          
   31   1          horp->vol = CLAMP_SIMPLE(horp->vol,-2000,2000);
   32   1          
   33   1          return (horp->vol - 7.5);
   34   1      }


Module Information          Static   Overlayable
------------------------------------------------
  code size            =       189     ------
  ecode size           =    ------     ------
  data size            =    ------     ------
  idata size           =    ------     ------
  pdata size           =    ------     ------
  xdata size           =    ------     ------
  xdata-const size     =    ------     ------
  edata size           =        11     ------
  bit size             =    ------     ------
  ebit size            =    ------     ------
  bitaddressable size  =    ------     ------
  ebitaddressable size =    ------     ------
  far data size        =    ------     ------
  huge data size       =    ------     ------
  const size           =    ------     ------
  hconst size          =    ------     ------
End of Module Information.


C251 COMPILATION COMPLETE.  0 WARNING(S),  0 ERROR(S)
