C251 COMPILER V5.60.0,  LED_drive                                                          19/05/26  14:35:42  PAGE 1   


C251 COMPILER V5.60.0, COMPILATION OF MODULE LED_drive
OBJECT MODULE PLACED IN .\Objects\LED_drive.obj
COMPILER INVOKED BY: C:\Keil_v5\C251\BIN\C251.EXE ..\Driver\LED_drive.c XSMALL INTR2 BROWSE INCDIR(..\App;..\Driver;..\D
                    -river\Library;..\Driver\Tool) DEBUG PRINT(.\Listings\LED_drive.lst) OBJECT(.\Objects\LED_drive.obj) 

stmt  level    source

    1          #include "led_drive.h"
    2          #include "STC32G_GPIO.h"
    3          
    4          //------------------------------------------------------------
    5          // LED 場宎趙
    6          //------------------------------------------------------------
    7          void led_init(void)
    8          {
    9   1          P2_MODE_OUT_PP(GPIO_Pin_1 | GPIO_Pin_2 | GPIO_Pin_3);
   10   1      
   11   1          LED1 = 0;
   12   1          LED2 = 0;
   13   1          LED3 = 0;
   14   1      }
   15          
   16          static void led_all_on(void)
   17          {
   18   1          LED1 = 1;
   19   1          LED2 = 1;
   20   1          LED3 = 1;
   21   1      }
   22          
   23          static void led_all_off(void)
   24          {
   25   1          LED1 = 0;
   26   1          LED2 = 0;
   27   1          LED3 = 0;
   28   1      }
   29          
   30          //------------------------------------------------------------
   31          // 萸謠硌隅 LED
   32          //------------------------------------------------------------
   33          void led_enable(u8 led)
   34          {
   35   1          switch (led)
   36   1          {
   37   2              case 1: LED1 = 1; break;
   38   2              case 2: LED2 = 1; break;
   39   2              case 3: LED3 = 1; break;
   40   2              default: break;
   41   2          }
   42   1      }
   43          
   44          //------------------------------------------------------------
   45          // 洠鏢硌隅 LED
   46          //------------------------------------------------------------
   47          void led_disable(u8 led)
   48          {
   49   1          switch (led)
   50   1          {
   51   2              case 1: LED1 = 0; break;
   52   2              case 2: LED2 = 0; break;
   53   2              case 3: LED3 = 0; break;
   54   2              default: break;
   55   2          }
   56   1      }
   57          
   58          //------------------------------------------------------------
C251 COMPILER V5.60.0,  LED_drive                                                          19/05/26  14:35:42  PAGE 2   

   59          // 躺萸謠珨跺 LED
   60          //------------------------------------------------------------
   61          void led_just_one_enable(u8 led)
   62          {
   63   1          led_all_off();
   64   1      
   65   1          switch (led)
   66   1          {
   67   2              case 1: LED1 = 1; break;
   68   2              case 2: LED2 = 1; break;
   69   2              case 3: LED3 = 1; break;
   70   2              default: break;
   71   2          }
   72   1      }
   73          
   74          //------------------------------------------------------------
   75          // LED 聆彸
   76          //------------------------------------------------------------
   77          void led_test(u8 step)
   78          {
   79   1          if (step == 0)
   80   1              led_all_off();
   81   1          else if (step == 1)
   82   1              led_all_on();
   83   1      }
   84          
   85          //------------------------------------------------------------
   86          // LED 匢佶
   87          //------------------------------------------------------------
   88          void led_flashing(u8 led)
   89          {
   90   1          static u8 state = 1;
   91   1          if (state%2)
   92   1              led_enable(led);
   93   1          else
   94   1              led_disable(led);
   95   1          state++; 
   96   1      }


Module Information          Static   Overlayable
------------------------------------------------
  code size            =       158     ------
  ecode size           =    ------     ------
  data size            =    ------     ------
  idata size           =    ------     ------
  pdata size           =    ------     ------
  xdata size           =    ------     ------
  xdata-const size     =    ------     ------
  edata size           =         1     ------
  bit size             =    ------     ------
  ebit size            =    ------     ------
  bitaddressable size  =    ------     ------
  ebitaddressable size =    ------     ------
  far data size        =    ------     ------
  huge data size       =    ------     ------
  const size           =    ------     ------
  hconst size          =         5     ------
End of Module Information.


C251 COMPILATION COMPLETE.  0 WARNING(S),  0 ERROR(S)
