C251 COMPILER V5.60.0,  main                                                               19/05/26  14:35:42  PAGE 1   


C251 COMPILER V5.60.0, COMPILATION OF MODULE main
OBJECT MODULE PLACED IN .\Objects\main.obj
COMPILER INVOKED BY: C:\Keil_v5\C251\BIN\C251.EXE ..\main.c XSMALL INTR2 BROWSE INCDIR(..\App;..\Driver;..\Driver\Librar
                    -y;..\Driver\Tool) DEBUG PRINT(.\Listings\main.lst) OBJECT(.\Objects\main.obj) 

stmt  level    source

    1          // 聆彸馱釬け薹峈 24 MHz
    2          #include "stc32g.h"
    3          #include <stdio.h>
    4          
    5          #include "USB_CDC_drive.h"
    6          #include "LED_drive.h"
*** WARNING C317 IN LINE 45 OF ..\Driver\Library\type_def.h: attempt to redefine macro 'NULL'
    7          #include "DS136_orp_drive.h"
    8          
    9          #include "log.h"
   10          #include "task_scheduler.h"
   11          #include "avg_filter.h"
   12          
   13          #define NUM_BUF_AVG 6
   14          avg_filter_t filter;
   15          avgf_data_t  buffer[NUM_BUF_AVG];
   16          
   17          ORP_Handle_t orp;
   18          
   19          void task_sensor(void)
   20          {
   21   1          ORP_Read(&orp);
   22   1      }
   23          
   24          void task_printf(void)
   25          {
   26   1          led_flashing(1);
   27   1          printf("ORG: %.3f\n", avg_filter_update(&filter, orp.vol));
   28   1      }
   29          
   30          void main(void)
   31          {
   32   1          WTST = 0;
   33   1          EAXFR = 1;
   34   1          CKCON = 0;
   35   1      
   36   1          USB_CDC_Initialization();
   37   1          EA = 1;
   38   1          while (DeviceState != DEVSTATE_CONFIGURED);
   39   1          
   40   1          led_init();
   41   1          avg_filter_init(&filter, buffer, NUM_BUF_AVG);
   42   1      
   43   1          ORP_Init(&orp);
   44   1          
   45   1          task_scheduler_init();
   46   1          task_register(task_sensor, 50, 1);
   47   1          task_register(task_printf, 300, 1);
   48   1          
   49   1          while (1)
   50   1          {
   51   2              task_scheduler_run();
   52   2          }
   53   1      }
   54          
   55          void Timer0_ISR_Handler(void) interrupt TMR0_VECTOR
   56          {
   57   1          task_scheduler_tick_isr();
C251 COMPILER V5.60.0,  main                                                               19/05/26  14:35:42  PAGE 2   

   58   1      }


Module Information          Static   Overlayable
------------------------------------------------
  code size            =       173     ------
  ecode size           =    ------     ------
  data size            =    ------     ------
  idata size           =    ------     ------
  pdata size           =    ------     ------
  xdata size           =    ------     ------
  xdata-const size     =    ------     ------
  edata size           =        43     ------
  bit size             =    ------     ------
  ebit size            =    ------     ------
  bitaddressable size  =    ------     ------
  ebitaddressable size =    ------     ------
  far data size        =    ------     ------
  huge data size       =    ------     ------
  const size           =    ------     ------
  hconst size          =        11     ------
End of Module Information.


C251 COMPILATION COMPLETE.  1 WARNING(S),  0 ERROR(S)
