C251 COMPILER V5.60.0,  md_filter                                                          06/11/25  09:16:18  PAGE 1   


C251 COMPILER V5.60.0, COMPILATION OF MODULE md_filter
OBJECT MODULE PLACED IN .\Objects\md_filter.obj
COMPILER INVOKED BY: C:\Keil_v5\C251\BIN\C251.EXE ..\Driver\Tool\md_filter.c XSMALL INTR2 BROWSE INCDIR(..\App;..\Driver
                    -;..\Driver\Library;..\Driver\Tool) DEBUG PRINT(.\Listings\md_filter.lst) OBJECT(.\Objects\md_filter.obj) 

stmt  level    source

    1          /**
    2           * @file md_filter.c
    3           * @author wongsx
    4           * @brief
    5           * @version 0.1
    6           * @date 2025-11-6
    7           *
    8           * @copyright Copyright (c) 2025
    9           *
   10           */
   11           
   12          #include "md_filter.h"
   13          
   14          void md_filter_init(md_filter_t *f, mf_data_t *buf, u16 len)
   15          {
   16   1          u16 i;
   17   1      
   18   1          if(!f || !buf || 0 == len)
   19   1              return;
   20   1      
   21   1          f->buffer = buf;
   22   1          f->len = len;
   23   1          f->index = 0;
   24   1          f->valid_count = 0;
   25   1      
   26   1          for(i = 0; i < len; i++)
   27   1              buf[i] = 0;
   28   1      }
   29          
   30          mf_out_t md_filter_update(md_filter_t *f, mf_data_t new_sample)
   31          {
   32   1          u16 i, j;
   33   1          mf_data_t tmp;
   34   1          mf_data_t sorted[16];
   35   1      
   36   1          if(!f || !f->buffer || 0 == f->len)
   37   1              return 0;
   38   1      
   39   1          f->buffer[f->index] = new_sample;
   40   1          f->index++;
   41   1          if(f->index >= f->len)
   42   1              f->index = 0;
   43   1      
   44   1          if(f->valid_count < f->len)
   45   1              f->valid_count++;
   46   1      
   47   1          // ¢§ÝÇç§ééÅ·ò»æÕ
   48   1          for(i = 0; i < f->valid_count; i++)
   49   1              sorted[i] = f->buffer[i];
   50   1      
   51   1          // ¥·çËýÍàŠééÅ·È´Ç¯¢ÖÅÀ¢ˆüºçëÈˋ
   52   1          for(i = 1; i < f->valid_count; i++)
   53   1          {
   54   2              for(j = i; j > 0; j--)
   55   2              {
   56   3                  if(sorted[j] < sorted[j - 1])
   57   3                  {
   58   4                      tmp = sorted[j];
C251 COMPILER V5.60.0,  md_filter                                                          06/11/25  09:16:18  PAGE 2   

   59   4                      sorted[j] = sorted[j - 1];
   60   4                      sorted[j - 1] = tmp;
   61   4                  }else
   62   3                      break;
   63   3              }
   64   2          }
   65   1      
   66   1          if(f->valid_count & 1)
   67   1              return f->buffer[f->valid_count / 2];
   68   1          else
   69   1              return (f->buffer[f->valid_count/2] + f->buffer[f->valid_count/2 - 1]) / 2;
   70   1      }


Module Information          Static   Overlayable
------------------------------------------------
  code size            =       430     ------
  ecode size           =    ------     ------
  data size            =    ------     ------
  idata size           =    ------     ------
  pdata size           =    ------     ------
  xdata size           =    ------     ------
  xdata-const size     =    ------     ------
  edata size           =    ------         66
  bit size             =    ------     ------
  ebit size            =    ------     ------
  bitaddressable size  =    ------     ------
  ebitaddressable size =    ------     ------
  far data size        =    ------     ------
  huge data size       =    ------     ------
  const size           =    ------     ------
  hconst size          =    ------     ------
End of Module Information.


C251 COMPILATION COMPLETE.  0 WARNING(S),  0 ERROR(S)
