C251 COMPILER V5.60.0,  STC32G_Timer_Isr                                                   19/05/26  14:35:43  PAGE 1   


C251 COMPILER V5.60.0, COMPILATION OF MODULE STC32G_Timer_Isr
OBJECT MODULE PLACED IN .\Objects\STC32G_Timer_Isr.obj
COMPILER INVOKED BY: C:\Keil_v5\C251\BIN\C251.EXE ..\Driver\Library\STC32G_Timer_Isr.c XSMALL INTR2 BROWSE INCDIR(..\App
                    -;..\Driver;..\Driver\Library;..\Driver\Tool) DEBUG PRINT(.\Listings\STC32G_Timer_Isr.lst) OBJECT(.\Objects\STC32G_Timer_
                    -Isr.obj) 

stmt  level    source

    1          /*---------------------------------------------------------------------*/
    2          /* --- Web: www.STCAI.com ---------------------------------------------*/
    3          /*---------------------------------------------------------------------*/
    4          
    5          #include "STC32G_Timer.h"
    6          
    7          //========================================================================
    8          // 函数: Timer0_ISR_Handler
    9          // 描述: Timer0中断函数.
   10          // 参数: none.
   11          // 返回: none.
   12          // 版本: V1.0, 2020-09-23
   13          //========================================================================
   14          //void Timer0_ISR_Handler(void) interrupt TMR0_VECTOR // 进中断时已经清除标志
   15          //{
   16          
   17          //}
   18          
   19          //========================================================================
   20          // 函数: Timer1_ISR_Handler
   21          // 描述: Timer1中断函数.
   22          // 参数: none.
   23          // 返回: none.
   24          // 版本: V1.0, 2020-09-23
   25          //========================================================================
   26          void Timer1_ISR_Handler(void) interrupt TMR1_VECTOR // 进中断时已经清除标志
   27          {
   28   1              // TODO: 在此处添加用户代码
   29   1              P66 = ~P66;
   30   1      }
   31          
   32          //========================================================================
   33          // 函数: Timer2_ISR_Handler
   34          // 描述: Timer2中断函数.
   35          // 参数: none.
   36          // 返回: none.
   37          // 版本: V1.0, 2020-09-23
   38          //========================================================================
   39          void Timer2_ISR_Handler(void) interrupt TMR2_VECTOR // 进中断时已经清除标志
   40          {
   41   1              // TODO: 在此处添加用户代码
   42   1              P65 = ~P65;
   43   1      }
   44          
   45          //========================================================================
   46          // 函数: Timer3_ISR_Handler
   47          // 描述: Timer3中断函数.
   48          // 参数: none.
   49          // 返回: none.
   50          // 版本: V1.0, 2020-09-23
   51          //========================================================================
   52          void Timer3_ISR_Handler(void) interrupt TMR3_VECTOR // 进中断时已经清除标志
   53          {
   54   1              // TODO: 在此处添加用户代码
   55   1              P64 = ~P64;
   56   1      }
   57          
C251 COMPILER V5.60.0,  STC32G_Timer_Isr                                                   19/05/26  14:35:43  PAGE 2   

   58          //========================================================================
   59          // 函数: Timer4_ISR_Handler
   60          // 描述: Timer4中断函数.
   61          // 参数: none.
   62          // 返回: none.
   63          // 版本: V1.0, 2020-09-23
   64          //========================================================================
   65          void Timer4_ISR_Handler(void) interrupt TMR4_VECTOR // 进中断时已经清除标志
   66          {
   67   1              // TODO: 在此处添加用户代码
   68   1              P63 = ~P63;
   69   1      }


Module Information          Static   Overlayable
------------------------------------------------
  code size            =        40     ------
  ecode size           =    ------     ------
  data size            =    ------     ------
  idata size           =    ------     ------
  pdata size           =    ------     ------
  xdata size           =    ------     ------
  xdata-const size     =    ------     ------
  edata size           =    ------     ------
  bit size             =    ------     ------
  ebit size            =    ------     ------
  bitaddressable size  =    ------     ------
  ebitaddressable size =    ------     ------
  far data size        =    ------     ------
  huge data size       =    ------     ------
  const size           =    ------     ------
  hconst size          =    ------     ------
End of Module Information.


C251 COMPILATION COMPLETE.  0 WARNING(S),  0 ERROR(S)
