C251 COMPILER V5.60.0,  STC32G_Timer                                                       19/05/26  14:35:43  PAGE 1   


C251 COMPILER V5.60.0, COMPILATION OF MODULE STC32G_Timer
OBJECT MODULE PLACED IN .\Objects\STC32G_Timer.obj
COMPILER INVOKED BY: C:\Keil_v5\C251\BIN\C251.EXE ..\Driver\Library\STC32G_Timer.c XSMALL INTR2 BROWSE INCDIR(..\App;..\
                    -Driver;..\Driver\Library;..\Driver\Tool) DEBUG PRINT(.\Listings\STC32G_Timer.lst) OBJECT(.\Objects\STC32G_Timer.obj) 

stmt  level    source

    1          /*---------------------------------------------------------------------*/
    2          /* --- Web: www.STCAI.com ---------------------------------------------*/
    3          /*---------------------------------------------------------------------*/
    4          
    5          #include        "STC32G_Timer.h"
    6          
    7          //========================================================================
    8          // 函数: u8     Timer_Inilize(u8 TIM, TIM_InitTypeDef *TIMx)
    9          // 描述: 定时器初始化程序.
   10          // 参数: TIMx: 结构参数,请参考timer.h里的定义.
   11          // 返回: 成功返回 SUCCESS, 错误返回 FAIL.
   12          // 版本: V1.0, 2012-10-22
   13          //========================================================================
   14          u8      Timer_Inilize(u8 TIM, TIM_InitTypeDef *TIMx)
   15          {
   16   1              if(TIM == Timer0)
   17   1              {
   18   2                      Timer0_Stop();          //停止计数
   19   2                      if(TIMx->TIM_Mode > TIM_16BitAutoReloadNoMask)  return FAIL;    //错误
   20   2                      TMOD = (TMOD & ~0x03) | TIMx->TIM_Mode; //工作模式,0: 16位自动重装, 1: 16位定时/计数, 2: 8位自动重装, 3
             -: 不可屏蔽16位自动重装
   21   2                      if(TIMx->TIM_ClkSource > TIM_CLOCK_Ext) return FAIL;
   22   2                      Timer0_CLK_Select(TIMx->TIM_ClkSource); //对外计数或分频, 定时12T/1T
   23   2                      Timer0_CLK_Output(TIMx->TIM_ClkOut);            //输出时钟使能
   24   2                      T0_Load(TIMx->TIM_Value);
   25   2              TM0PS = TIMx->TIM_PS;
   26   2                      Timer0_Run(TIMx->TIM_Run);
   27   2                      return  SUCCESS;                //成功
   28   2              }
   29   1      
   30   1              if(TIM == Timer1)
   31   1              {
   32   2                      Timer1_Stop();          //停止计数
   33   2                      if(TIMx->TIM_Mode > TIM_16BitAutoReloadNoMask)  return FAIL;    //错误
   34   2                      TMOD = (TMOD & ~0x30) | (TIMx->TIM_Mode << 4);  //工作模式,0: 16位自动重装, 1: 16位定时/计数, 2: 8位自动
             -重装, 3: 停止工作
   35   2                      if(TIMx->TIM_ClkSource > TIM_CLOCK_Ext) return FAIL;
   36   2                      Timer1_CLK_Select(TIMx->TIM_ClkSource); //对外计数或分频, 定时12T/1T
   37   2                      Timer1_CLK_Output(TIMx->TIM_ClkOut);            //输出时钟使能
   38   2                      T1_Load(TIMx->TIM_Value);
   39   2              TM1PS = TIMx->TIM_PS;
   40   2                      Timer1_Run(TIMx->TIM_Run);
   41   2                      return  SUCCESS;                //成功
   42   2              }
   43   1      
   44   1              if(TIM == Timer2)               //Timer2,固定为16位自动重装, 中断无优先级
   45   1              {
   46   2                      Timer2_Stop();  //停止计数
   47   2                      Timer2_CLK_Select(TIMx->TIM_ClkSource); //对外计数或分频, 定时12T/1T
   48   2                      Timer2_CLK_Output(TIMx->TIM_ClkOut);            //输出时钟使能
   49   2      
   50   2                      T2_Load(TIMx->TIM_Value);
   51   2              TM2PS = TIMx->TIM_PS;
   52   2                      Timer2_Run(TIMx->TIM_Run);
   53   2                      return  SUCCESS;                //成功
   54   2              }
   55   1      
   56   1              if(TIM == Timer3)               //Timer3,固定为16位自动重装, 中断无优先级
C251 COMPILER V5.60.0,  STC32G_Timer                                                       19/05/26  14:35:43  PAGE 2   

   57   1              {
   58   2                      Timer3_Stop();  //停止计数
   59   2                      if(TIMx->TIM_ClkSource > TIM_CLOCK_Ext) return FAIL;
   60   2                      Timer3_CLK_Select(TIMx->TIM_ClkSource); //对外计数或分频, 定时12T/1T
   61   2                      Timer3_CLK_Output(TIMx->TIM_ClkOut);            //输出时钟使能
   62   2      
   63   2                      T3_Load(TIMx->TIM_Value);
   64   2              TM3PS = TIMx->TIM_PS;
   65   2                      Timer3_Run(TIMx->TIM_Run);
   66   2                      return  SUCCESS;                //成功
   67   2              }
   68   1      
   69   1              if(TIM == Timer4)               //Timer3,固定为16位自动重装, 中断无优先级
   70   1              {
   71   2                      Timer4_Stop();  //停止计数
   72   2                      if(TIMx->TIM_ClkSource > TIM_CLOCK_Ext) return FAIL;
   73   2                      Timer4_CLK_Select(TIMx->TIM_ClkSource); //对外计数或分频, 定时12T/1T
   74   2                      Timer4_CLK_Output(TIMx->TIM_ClkOut);            //输出时钟使能
   75   2      
   76   2                      T4_Load(TIMx->TIM_Value);
   77   2              TM4PS = TIMx->TIM_PS;
   78   2                      Timer4_Run(TIMx->TIM_Run);
   79   2                      return  SUCCESS;                //成功
   80   2              }
   81   1              return FAIL;    //错误
   82   1      }


Module Information          Static   Overlayable
------------------------------------------------
  code size            =       537     ------
  ecode size           =    ------     ------
  data size            =    ------     ------
  idata size           =    ------     ------
  pdata size           =    ------     ------
  xdata size           =    ------     ------
  xdata-const size     =    ------     ------
  edata size           =    ------     ------
  bit size             =    ------     ------
  ebit size            =    ------     ------
  bitaddressable size  =    ------     ------
  ebitaddressable size =    ------     ------
  far data size        =    ------     ------
  huge data size       =    ------     ------
  const size           =    ------     ------
  hconst size          =    ------     ------
End of Module Information.


C251 COMPILATION COMPLETE.  0 WARNING(S),  0 ERROR(S)
