C251 COMPILER V5.60.0,  task_scheduler                                                     19/05/26  14:35:44  PAGE 1   


C251 COMPILER V5.60.0, COMPILATION OF MODULE task_scheduler
OBJECT MODULE PLACED IN .\Objects\task_scheduler.obj
COMPILER INVOKED BY: C:\Keil_v5\C251\BIN\C251.EXE ..\Driver\Tool\task_scheduler.c XSMALL INTR2 BROWSE INCDIR(..\App;..\D
                    -river;..\Driver\Library;..\Driver\Tool) DEBUG PRINT(.\Listings\task_scheduler.lst) OBJECT(.\Objects\task_scheduler.obj) 

stmt  level    source

    1          #include "task_scheduler.h"
    2          
    3          #include "STC32G_Timer.h"
    4          
    5          static TaskScheduler_t scheduler;
    6          static volatile u32 sys_tick_ms = 0;
    7          
    8          //------------------------------------------------------------
    9          // łőĘĽ»ŻČÎÎńµ÷¶ČĆ÷
   10          //------------------------------------------------------------
   11          void task_scheduler_init(void)
   12          {
   13   1          scheduler.task_count = 0;
   14   1          sys_tick_ms = 0;
   15   1          
   16   1          //1ms@24.000MHz
   17   1          TM0PS = 0x00;                       //Set timer clock prescaler
   18   1              AUXR |= 0x80;                   //imer clock is 1T mode
   19   1              TMOD &= 0xF0;                   //Set timer work mode
   20   1              TL0 = 0x40;                             //Initial timer value
   21   1              TH0 = 0xA2;                             //Initial timer value
   22   1              TF0 = 0;                                //Clear TF0 flag
   23   1              TR0 = 1;                                //Timer0 start run
   24   1              ET0 = 1;                                //Enable timer0 interrupt
   25   1      }
   26          
   27          //------------------------------------------------------------
   28          // ×˘˛áŇ»¸öÖÜĆÚČÎÎń
   29          //------------------------------------------------------------
   30          u8 task_register(TaskFunc_t func, u32 period_ms, u8 priority)
   31          {
   32   1          u8 id = scheduler.task_count;
   33   1          if (id >= MAX_TASKS)
   34   1              return 0xFF;
   35   1      
   36   1          scheduler.tasks[id].id = id;
   37   1          scheduler.tasks[id].priority = priority;
   38   1          scheduler.tasks[id].period_ms = period_ms;
   39   1          scheduler.tasks[id].last_tick = 0;
   40   1          scheduler.tasks[id].func = func;
   41   1      
   42   1          scheduler.task_count++;
   43   1          return id;
   44   1      }
   45          
   46          //------------------------------------------------------------
   47          // ÖĐ¶Ďµ÷ÓĂŁ¬ĎµÍłĘ±»ů¸üĐÂ
   48          //------------------------------------------------------------
   49          void task_scheduler_tick_isr(void)
   50          {
   51   1          sys_tick_ms++;
   52   1      }
   53          
   54          //------------------------------------------------------------
   55          // Ö÷Ń­»·ÖĐµ÷ÓĂŁ¬µ÷¶ČČÎÎńÖ´ĐĐ
   56          //------------------------------------------------------------
   57          void task_scheduler_run(void)
   58          {
C251 COMPILER V5.60.0,  task_scheduler                                                     19/05/26  14:35:44  PAGE 2   

   59   1          u8 i, j;
   60   1          Task_t* ready_list[MAX_TASKS];
   61   1          u8 ready_count = 0;
   62   1          u32 now = sys_tick_ms;
   63   1      
   64   1          for (i = 0; i < scheduler.task_count; i++)
   65   1          {
   66   2              Task_t* t = &scheduler.tasks[i];
   67   2              if (now - t->last_tick >= t->period_ms)
   68   2              {
   69   3                  t->last_tick += t->period_ms;
   70   3                  ready_list[ready_count++] = t;
   71   3              }
   72   2          }
   73   1      
   74   1          for (i = 0; i < ready_count; i++)
   75   1          {
   76   2              for (j = i + 1; j < ready_count; j++)
   77   2              {
   78   3                  if (ready_list[j]->priority > ready_list[i]->priority)
   79   3                  {
   80   4                      Task_t *tmp = ready_list[i];
   81   4                      ready_list[i] = ready_list[j];
   82   4                      ready_list[j] = tmp;
   83   4                  }
   84   3              }
   85   2          }
   86   1      
   87   1          for (i = 0; i < ready_count; i++)
   88   1          {
   89   2              ready_list[i]->func();
   90   2          }
   91   1      }


Module Information          Static   Overlayable
------------------------------------------------
  code size            =       340     ------
  ecode size           =    ------     ------
  data size            =    ------     ------
  idata size           =    ------     ------
  pdata size           =    ------     ------
  xdata size           =    ------     ------
  xdata-const size     =    ------     ------
  edata size           =       101         32
  bit size             =    ------     ------
  ebit size            =    ------     ------
  bitaddressable size  =    ------     ------
  ebitaddressable size =    ------     ------
  far data size        =    ------     ------
  huge data size       =    ------     ------
  const size           =    ------     ------
  hconst size          =         8     ------
End of Module Information.


C251 COMPILATION COMPLETE.  0 WARNING(S),  0 ERROR(S)
