C251 COMPILER V5.60.0,  avg_filter                                                         17/07/25  17:16:47  PAGE 1   


C251 COMPILER V5.60.0, COMPILATION OF MODULE avg_filter
OBJECT MODULE PLACED IN .\Objects\avg_filter.obj
COMPILER INVOKED BY: C:\Keil_v5\C251\BIN\C251.EXE USER\avg_filter.c XSMALL INTR2 BROWSE INCDIR(.\USER;.\Library) DEBUG P
                    -RINT(.\Listings\avg_filter.lst) OBJECT(.\Objects\avg_filter.obj) 

stmt  level    source

    1          #include "avg_filter.h"
    2          
    3          void AvgFilter_Init(avg_filter_t *filter, u16 *buffer, u8 len)
    4          {
    5   1          u8 i;
    6   1          if (!filter || !buffer || len == 0)
    7   1          {
    8   2              return;
    9   2          }
   10   1      
   11   1          filter->buffer = buffer;
   12   1          filter->len = len;
   13   1          filter->index = 0;
   14   1          filter->sum = 0;
   15   1          filter->valid_count = 0;
   16   1      
   17   1          for (i = 0; i < len; i++)
   18   1          {
   19   2              buffer[i] = 0;
   20   2          }
   21   1      }
   22          
   23          u16 AvgFilter_Update(avg_filter_t *filter, u16 new_sample)
   24          {
   25   1          if (!filter || !filter->buffer || filter->len == 0)
   26   1          {
   27   2              return 0;
   28   2          }
   29   1      
   30   1          filter->sum -= filter->buffer[filter->index];
   31   1          filter->buffer[filter->index] = new_sample;
   32   1          filter->sum += new_sample;
   33   1      
   34   1          filter->index = (filter->index + 1) % filter->len;
   35   1      
   36   1          if (filter->valid_count < filter->len)
   37   1          {
   38   2              filter->valid_count++;
   39   2          }
   40   1      
   41   1          return (u16)(filter->sum / filter->valid_count);
   42   1      }


Module Information          Static   Overlayable
------------------------------------------------
  code size            =       257     ------
  ecode size           =    ------     ------
  data size            =    ------     ------
  idata size           =    ------     ------
  pdata size           =    ------     ------
  xdata size           =    ------     ------
  xdata-const size     =    ------     ------
  edata size           =    ------     ------
  bit size             =    ------     ------
  ebit size            =    ------     ------
  bitaddressable size  =    ------     ------
  ebitaddressable size =    ------     ------
  far data size        =    ------     ------
C251 COMPILER V5.60.0,  avg_filter                                                         17/07/25  17:16:47  PAGE 2   

  huge data size       =    ------     ------
  const size           =    ------     ------
  hconst size          =    ------     ------
End of Module Information.


C251 COMPILATION COMPLETE.  0 WARNING(S),  0 ERROR(S)
