C251 COMPILER V5.60.0,  DS131pH                                                            16/05/25  08:55:16  PAGE 1   


C251 COMPILER V5.60.0, COMPILATION OF MODULE DS131pH
OBJECT MODULE PLACED IN .\Objects\DS131pH.obj
COMPILER INVOKED BY: C:\Keil_v5\C251\BIN\C251.EXE USER\DS131pH.c XSMALL INTR2 BROWSE INCDIR(.\USER;.\Library) DEBUG PRIN
                    -T(.\Listings\DS131pH.lst) TABS(2) OBJECT(.\Objects\DS131pH.obj) 

stmt  level    source

    1          #include "ds131ph.h"
    2          
    3          #include "STC32G_ADC.h"
    4          
    5          #define V_REF 3.3f
    6          
    7          u8 PH_Init(void)
    8          {
    9   1        ADC_InitTypeDef ADC_InitSruct; 
   10   1        
   11   1        ADC_InitSruct.ADC_SMPduty = 31;
   12   1        ADC_InitSruct.ADC_Speed = ADC_SPEED_2X16T;
   13   1        ADC_InitSruct.ADC_AdjResult = ADC_LEFT_JUSTIFIED;
   14   1        ADC_InitSruct.ADC_CsSetup = 0;
   15   1        ADC_InitSruct.ADC_CsHold = 1;
   16   1        
   17   1      //  ADC_Inilize(&ADC_InitSruct);
   18   1        
   19   1        return ADC_Inilize(&ADC_InitSruct);
   20   1      }
   21          
   22          float PH_Read(void)
   23          {
   24   1        u16 adc_val = 0;
   25   1        float ph_vol = 0.0f, ph_val = 0.0f;
   26   1        
   27   1        adc_val = Get_ADCResult(ADC_CH0);
   28   1        ph_vol = (float)adc_val * V_REF / 4096;
   29   1        
   30   1      }
*** WARNING C135 IN LINE 30 OF USER\DS131pH.c: 'PH_Read': no return value
*** WARNING C135 IN LINE 30 OF USER\DS131pH.c: 'PH_Read': no return value


Module Information          Static   Overlayable
------------------------------------------------
  code size            =        38     ------
  ecode size           =    ------     ------
  data size            =    ------     ------
  idata size           =    ------     ------
  pdata size           =    ------     ------
  xdata size           =    ------     ------
  xdata-const size     =    ------     ------
  edata size           =    ------          5
  bit size             =    ------     ------
  ebit size            =    ------     ------
  bitaddressable size  =    ------     ------
  ebitaddressable size =    ------     ------
  far data size        =    ------     ------
  huge data size       =    ------     ------
  const size           =    ------     ------
  hconst size          =    ------     ------
End of Module Information.


C251 COMPILATION COMPLETE.  2 WARNING(S),  0 ERROR(S)
