C251 COMPILER V5.60.0,  main                                                               26/05/26  14:30:00  PAGE 1   


C251 COMPILER V5.60.0, COMPILATION OF MODULE main
OBJECT MODULE PLACED IN .\Objects\main.obj
COMPILER INVOKED BY: C:\Keil_v5\C251\BIN\C251.EXE USER\main.c XSMALL INTR2 BROWSE INCDIR(.\USER;.\Library) DEBUG PRINT(.
                    -\Listings\main.lst) OBJECT(.\Objects\main.obj) 

stmt  level    source

    1          // 测试工作频率为 24 MHz
    2          #include <string.h>
    3          //------------------------------STC函数库文件--------------------------
    4          #include "stc32g.h"
    5          #include "stc32_stc8_usb.h"
    6          #include "STC32G_GPIO.h"
    7          #include "STC32G_NVIC.h"
    8          #include "STC32G_Delay.h"
    9          #include "STC32G_Switch.h"
   10          //------------------------------用户文件------------------------------
   11          #include "USB_CDC_drive.h"
   12          #include "COMMON_drive.h"
   13          #include "SYS_drive.h"
   14          #include "KEY_drive.h"
   15          #include "LED_drive.h"
   16          #include "DS139_O2_drive.h"
   17          
   18          extern unsigned long Adj_num;
   19          extern unsigned char Transmission_mode_flag;
   20          
   21          float O2;
   22          
   23          char putchar(char c)
   24          {
   25   1          USB_SendData(&c, 1);
   26   1              return c;
   27   1      }
   28          
   29          void main(void)
   30          {
   31   1          WTST = 0;  // 设置程序指令延时参数，赋值为0可将CPU执行指令的速度设置为最快
   32   1          EAXFR = 1; // 扩展寄存器(XFR)访问使能
   33   1          CKCON = 0; // 提高访问XRAM速度
   34   1      
   35   1          USB_CDC_Initialization(); // USB初始化
   36   1      
   37   1          // 传感器初始化
   38   1          O2_Init();
   39   1      
   40   1          EA = 1; // 开总中断
   41   1      
   42   1          while (DeviceState != DEVSTATE_CONFIGURED)
   43   1                          ; // 等待 USB 完成配置
   44   1          printf("USB OK!\n");
   45   1          while (1)
   46   1          {
   47   2              printf("02: %g%%\n",O2_Read());
   48   2              delay_ms(100);
   49   2          }
   50   1      }


Module Information          Static   Overlayable
------------------------------------------------
  code size            =        82     ------
  ecode size           =    ------     ------
  data size            =    ------     ------
  idata size           =    ------     ------
  pdata size           =    ------     ------
C251 COMPILER V5.60.0,  main                                                               26/05/26  14:30:00  PAGE 2   

  xdata size           =    ------     ------
  xdata-const size     =    ------     ------
  edata size           =         4          1
  bit size             =    ------     ------
  ebit size            =    ------     ------
  bitaddressable size  =    ------     ------
  ebitaddressable size =    ------     ------
  far data size        =    ------     ------
  huge data size       =    ------     ------
  const size           =    ------     ------
  hconst size          =        19     ------
End of Module Information.


C251 COMPILATION COMPLETE.  0 WARNING(S),  0 ERROR(S)
