C251 COMPILER V5.60.0,  DS138_dC2H6O_drive                                                 28/05/26  14:24:50  PAGE 1   


C251 COMPILER V5.60.0, COMPILATION OF MODULE DS138_dC2H6O_drive
OBJECT MODULE PLACED IN .\Objects\DS138_dC2H6O_drive.obj
COMPILER INVOKED BY: C:\Keil_v5\C251\BIN\C251.EXE USER\DS138_dC2H6O_drive.c XSMALL INTR2 BROWSE INCDIR(.\USER;.\Library)
                    - DEBUG PRINT(.\Listings\DS138_dC2H6O_drive.lst) OBJECT(.\Objects\DS138_dC2H6O_drive.obj) 

stmt  level    source

    1          #include "DS138_dC2H6O_drive.h"
    2          
    3          #include "STC32G_ADC.h"
    4          #include "STC32G_GPIO.h"
    5          
    6          #define V_REF 3.3f
    7          #define TABLE_SIZE (sizeof(voltage_table) / sizeof(voltage_table[0]))
    8          
    9          // 电压与浓度对照表（按电压升序排列）
   10          static const float voltage_table[] = {
   11              0.35f, 0.53f, 0.70f, 0.78f, 0.85f, 0.91f, 0.95f, 0.98f, 1.00f, 1.03f,
   12              1.05f, 1.08f, 1.12f, 1.15f, 1.18f, 1.20f, 1.23f, 1.30f, 1.33f, 1.35f,
   13              1.40f, 1.45f
   14          };
   15          
   16          static const float concentration_table[] = {
   17              0.0f, 5.0f, 10.0f, 15.0f, 20.0f, 25.0f, 30.0f, 35.0f, 40.0f, 45.0f,
   18              50.0f, 60.0f, 70.0f, 80.0f, 90.0f, 100.0f, 120.0f, 150.0f, 160.0f, 200.0f,
   19              250.0f, 300.0f
   20          };
   21          
   22          void airC2H6O_Init(void)
   23          {
   24   1          ADC_InitTypeDef ADC_InitSruct;
   25   1          
   26   1          P1_MODE_IN_HIZ(GPIO_Pin_0);         //P1.0设置为高阻输入
   27   1          
   28   1          ADC_InitSruct.ADC_SMPduty = 31;
   29   1          ADC_InitSruct.ADC_Speed = ADC_SPEED_2X16T;
   30   1          ADC_InitSruct.ADC_AdjResult = ADC_LEFT_JUSTIFIED;
   31   1          ADC_InitSruct.ADC_CsSetup = 0;
   32   1          ADC_InitSruct.ADC_CsHold = 1;
   33   1          
   34   1          ADC_Inilize(&ADC_InitSruct);
   35   1          ADC_PowerControl(ENABLE);
   36   1      }
   37          
   38          float airC2H6O_Read(void)
   39          {
   40   1          u16 i = 0;
   41   1          float adc_vol = 0.0f;
   42   1          float airC2H6O_val = 0.0f;
   43   1          
   44   1          adc_vol = (float)Get_ADCResult(ADC_CH0) * V_REF / 4095.0f;
   45   1             
   46   1          if (adc_vol <= voltage_table[0])
   47   1          {
   48   2              return concentration_table[0];
   49   2          }
   50   1          
   51   1          // 边界检查：高于最大电压
   52   1          if (adc_vol >= voltage_table[TABLE_SIZE - 1])
   53   1          {
   54   2              return concentration_table[TABLE_SIZE - 1];
   55   2          }
   56   1          
   57   1          // 线性查表：找到电压所在的区间
   58   1          for (i = 0; i < TABLE_SIZE - 1; i++)
C251 COMPILER V5.60.0,  DS138_dC2H6O_drive                                                 28/05/26  14:24:50  PAGE 2   

   59   1          {
   60   2              if (adc_vol >= voltage_table[i] && adc_vol <= voltage_table[i + 1])
   61   2              {
   62   3                  // 线性插值计算浓度
   63   3                  float voltage_diff = voltage_table[i + 1] - voltage_table[i];
   64   3                  float concentration_diff = concentration_table[i + 1] - concentration_table[i];
   65   3                  float ratio = (adc_vol - voltage_table[i]) / voltage_diff;
   66   3                  
   67   3                  return concentration_table[i] + ratio * concentration_diff;
   68   3              }
   69   2          }
   70   1          
   71   1          // 理论上不会执行到这里，但为了安全返回最后一个值
   72   1          return concentration_table[TABLE_SIZE - 1];
   73   1      }
   74          


Module Information          Static   Overlayable
------------------------------------------------
  code size            =       384     ------
  ecode size           =    ------     ------
  data size            =    ------     ------
  idata size           =    ------     ------
  pdata size           =    ------     ------
  xdata size           =    ------     ------
  xdata-const size     =    ------     ------
  edata size           =    ------          5
  bit size             =    ------     ------
  ebit size            =    ------     ------
  bitaddressable size  =    ------     ------
  ebitaddressable size =    ------     ------
  far data size        =    ------     ------
  huge data size       =    ------     ------
  const size           =    ------     ------
  hconst size          =       176     ------
End of Module Information.


C251 COMPILATION COMPLETE.  0 WARNING(S),  0 ERROR(S)
