C251 COMPILER V5.60.0,  DS141_CO2_drive                                                    05/07/25  15:54:42  PAGE 1   


C251 COMPILER V5.60.0, COMPILATION OF MODULE DS141_CO2_drive
OBJECT MODULE PLACED IN .\Objects\DS141_CO2_drive.obj
COMPILER INVOKED BY: C:\Keil_v5\C251\BIN\C251.EXE ..\..\DS141CO2換覜け\Program Project\USER\DS141_CO2_drive.c XSMALL INT
                    -R2 BROWSE INCDIR(.\USER;.\Library) DEBUG PRINT(.\Listings\DS141_CO2_drive.lst) OBJECT(.\Objects\DS141_CO2_drive.obj) 

stmt  level    source

    1          #include "DS138_dC2H6O_drive.h"
    2          
    3          #include "STC32G_ADC.h"
    4          #include "STC32G_GPIO.h"
    5          
    6          #define V_REF 3.3f
    7          
    8          static float Avg_Filter(float in_data);
    9          
   10          void CO2_Init(void)
   11          {
   12   1          ADC_InitTypeDef ADC_InitSruct;
   13   1          
   14   1          P1_MODE_IN_HIZ(GPIO_Pin_0);         //P1.0扢离峈詢郯怀⻌
   15   1          
   16   1          ADC_InitSruct.ADC_SMPduty = 31;
   17   1          ADC_InitSruct.ADC_Speed = ADC_SPEED_2X16T;
   18   1          ADC_InitSruct.ADC_AdjResult = ADC_LEFT_JUSTIFIED;
   19   1          ADC_InitSruct.ADC_CsSetup = 0;
   20   1          ADC_InitSruct.ADC_CsHold = 1;
   21   1          
   22   1          ADC_Inilize(&ADC_InitSruct);
   23   1          ADC_PowerControl(ENABLE);
   24   1      }
   25          
   26          float CO2_Read(void)
   27          {
   28   1          u16 adc_val = 0;
   29   1          float adc_vol = 0.0f;
   30   1          float co2_val = 0.0f;
   31   1          
   32   1          adc_val = Get_ADCResult(ADC_CH0);
   33   1          adc_vol = (float)adc_val * V_REF / 4096.0f;
   34   1          
   35   1          return adc_vol;
   36   1      }
   37          
   38          #define AVG_NUMS 10
   39          volatile float dat[AVG_NUMS] = {0.0f};
   40          static float Avg_Filter(float in_data)
   41          {
   42   1          float sum_data = 0.0f;
   43   1          int i = 0;
   44   1          // ゴ痄ㄗ酘痄ㄘ賑雄敦諳
   45   1          for (; i < AVG_NUMS - 1; i++) {
   46   2              dat[i] = dat[i + 1];
   47   2              sum_data += dat[i];
   48   2          }
   49   1          dat[AVG_NUMS - 1] = in_data;
   50   1          sum_data += dat[AVG_NUMS - 1];
   51   1          return (sum_data / AVG_NUMS);
   52   1      }
*** WARNING C174 IN LINE 40 OF ..\..\DS141CO2換覜け\Program Project\USER\DS141_CO2_drive.c: 'Avg_Filter': unreferenced '
             -static' function


Module Information          Static   Overlayable
------------------------------------------------
  code size            =       142     ------
C251 COMPILER V5.60.0,  DS141_CO2_drive                                                    05/07/25  15:54:42  PAGE 2   

  ecode size           =    ------     ------
  data size            =    ------     ------
  idata size           =    ------     ------
  pdata size           =    ------     ------
  xdata size           =    ------     ------
  xdata-const size     =    ------     ------
  edata size           =        40          5
  bit size             =    ------     ------
  ebit size            =    ------     ------
  bitaddressable size  =    ------     ------
  ebitaddressable size =    ------     ------
  far data size        =    ------     ------
  huge data size       =    ------     ------
  const size           =    ------     ------
  hconst size          =        44     ------
End of Module Information.


C251 COMPILATION COMPLETE.  1 WARNING(S),  0 ERROR(S)
