C251 COMPILER V5.60.0,  STC32G_Delay                                                       28/05/26  13:16:52  PAGE 1   


C251 COMPILER V5.60.0, COMPILATION OF MODULE STC32G_Delay
OBJECT MODULE PLACED IN .\Objects\STC32G_Delay.obj
COMPILER INVOKED BY: C:\Keil_v5\C251\BIN\C251.EXE Library\STC32G_Delay.c XSMALL INTR2 BROWSE INCDIR(.\USER;.\Library) DE
                    -BUG PRINT(.\Listings\STC32G_Delay.lst) OBJECT(.\Objects\STC32G_Delay.obj) 

stmt  level    source

    1          #include        "STC32G_Delay.h"
    2          
    3          //========================================================================
    4          // 函数: void delay_us(unsigned int ms)
    5          // 描述: 延时函数。
    6          // 参数: us,要延时的us数, 这里只支持1~65535us. 自动适应主时钟.
    7          // 返回: none.
    8          // 版本: VER1.0
    9          // 日期: 2025-5-16
   10          // 备注: 
   11          //========================================================================
   12          void delay_us(u16 us)
   13          {
   14   1          u16 i;
   15   1          do{
   16   2              i = MAIN_Fosc / 6153840;
   17   2              while(--i);
   18   2          }while(--us);
   19   1      }
   20          
   21          //========================================================================
   22          // 函数: void delay_ms(unsigned int ms)
   23          // 描述: 延时函数。
   24          // 参数: ms,要延时的ms数, 这里只支持1~65535ms. 自动适应主时钟.
   25          // 返回: none.
   26          // 版本: VER1.0
   27          // 日期: 2021-3-9
   28          // 备注: 
   29          //========================================================================
   30          void delay_ms(u16 ms)
   31          {
   32   1          while (ms--)
   33   1          {
   34   2              delay_us(1000);
   35   2          }
   36   1      }
   37          
   38          
   39          


Module Information          Static   Overlayable
------------------------------------------------
  code size            =        47     ------
  ecode size           =    ------     ------
  data size            =    ------     ------
  idata size           =    ------     ------
  pdata size           =    ------     ------
  xdata size           =    ------     ------
  xdata-const size     =    ------     ------
  edata size           =    ------     ------
  bit size             =    ------     ------
  ebit size            =    ------     ------
  bitaddressable size  =    ------     ------
  ebitaddressable size =    ------     ------
  far data size        =    ------     ------
  huge data size       =    ------     ------
  const size           =    ------     ------
  hconst size          =    ------     ------
C251 COMPILER V5.60.0,  STC32G_Delay                                                       28/05/26  13:16:52  PAGE 2   

End of Module Information.


C251 COMPILATION COMPLETE.  0 WARNING(S),  0 ERROR(S)
