C251 COMPILER V5.60.0,  STC32G_I2C                                                         08/05/25  18:16:58  PAGE 1   


C251 COMPILER V5.60.0, COMPILATION OF MODULE STC32G_I2C
OBJECT MODULE PLACED IN .\Objects\STC32G_I2C.obj
COMPILER INVOKED BY: C:\Keil_v5\C251\BIN\C251.EXE Library\STC32G_I2C.c XSMALL INTR2 BROWSE INCDIR(.\USER;.\Library) DEBU
                    -G PRINT(.\Listings\STC32G_I2C.lst) TABS(2) OBJECT(.\Objects\STC32G_I2C.obj) 

stmt  level    source

    1          #include  "STC32G_I2C.h"
    2          
    3          u8 I2C_BUF_type I2C_Buffer[I2C_BUF_LENTH];
    4          
    5          #define SLAW    0xA2
    6          #define SLAR    0xA3
    7          
    8          //========================================================================
    9          // 函数: void I2C_Init(I2C_InitTypeDef *I2Cx)
   10          // 描述: I2C初始化程序.
   11          // 参数: I2Cx: 结构参数,请参考I2C.h里的定义.
   12          // 返回: none.
   13          // 版本: V1.0, 2012-11-22
   14          //========================================================================
   15          void I2C_Init(I2C_InitTypeDef *I2Cx)
   16          {
   17   1        if(I2Cx->I2C_Mode == I2C_Mode_Master)
   18   1        {
   19   2          I2C_Master();     //设为主机  
   20   2          I2CMSST = 0x00;   //清除I2C主机状态寄存器
   21   2          I2C_SetSpeed(I2Cx->I2C_Speed);
   22   2          if(I2Cx->I2C_MS_WDTA == ENABLE)   I2C_WDTA_EN();  //使能自动发送
   23   2          else                  I2C_WDTA_DIS(); //禁止自动发送
   24   2        }
   25   1        else
   26   1        {
   27   2          I2C_Slave();  //设为从机
   28   2          I2CSLST = 0x00;   //清除I2C从机状态寄存器
   29   2          I2C_Address(I2Cx->I2C_SL_ADR);
   30   2          if(I2Cx->I2C_SL_MA == ENABLE)   I2C_MATCH_EN(); //从机地址比较功能，只接受相匹配地址
   31   2          else                  I2C_MATCH_DIS();  //禁止从机地址比较功能，接受所有设备地址
   32   2        }
   33   1        
   34   1        I2C_Function(I2Cx->I2C_Enable);
   35   1      }
   36          
   37          //========================================================================
   38          // 函数: u8 Get_MSBusy_Status (void)
   39          // 描述: 获取主机忙碌状态.
   40          // 参数: none.
   41          // 返回: 主机忙碌状态.
   42          // 版本: V1.0, 2012-11-22
   43          //========================================================================
   44          u8 Get_MSBusy_Status(void)
   45          {
   46   1        return (I2CMSST & 0x80);
   47   1      }
   48          
   49          //========================================================================
   50          // 函数: void Wait (void)
   51          // 描述: 等待主机模式I2C控制器执行完成I2CMSCR.
   52          // 参数: none.
   53          // 返回: none.
   54          // 版本: V1.0, 2012-11-22
   55          //========================================================================
   56          void Wait()
   57          {
   58   1        while (!(I2CMSST & 0x40));
C251 COMPILER V5.60.0,  STC32G_I2C                                                         08/05/25  18:16:58  PAGE 2   

   59   1        I2CMSST &= ~0x40;
   60   1      }
   61          
   62          //========================================================================
   63          // 函数: void Start (void)
   64          // 描述: I2C总线起始函数.
   65          // 参数: none.
   66          // 返回: none.
   67          // 版本: V1.0, 2020-09-15
   68          //========================================================================
   69          void Start()
   70          {
   71   1        I2CMSCR = 0x01;                         //发送START命令
   72   1        Wait();
   73   1      }
   74          
   75          //========================================================================
   76          // 函数: void SendData (char dat)
   77          // 描述: I2C发送一个字节数据函数.
   78          // 参数: 发送的数据.
   79          // 返回: none.
   80          // 版本: V1.0, 2020-09-15
   81          //========================================================================
   82          void SendData(char dat)
   83          {
   84   1        I2CTXD = dat;                           //写数据到数据缓冲区
   85   1        I2CMSCR = 0x02;                         //发送SEND命令
   86   1        Wait();
   87   1      }
   88          
   89          //========================================================================
   90          // 函数: void RecvACK (void)
   91          // 描述: I2C获取ACK函数.
   92          // 参数: none.
   93          // 返回: none.
   94          // 版本: V1.0, 2020-09-15
   95          //========================================================================
   96          void RecvACK()
   97          {
   98   1        I2CMSCR = 0x03;                         //发送读ACK命令
   99   1        Wait();
  100   1      }
  101          
  102          //========================================================================
  103          // 函数: char RecvData (void)
  104          // 描述: I2C读取一个字节数据函数.
  105          // 参数: none.
  106          // 返回: 读取数据.
  107          // 版本: V1.0, 2020-09-15
  108          //========================================================================
  109          char RecvData()
  110          {
  111   1        I2CMSCR = 0x04;                         //发送RECV命令
  112   1        Wait();
  113   1        return I2CRXD;
  114   1      }
  115          
  116          //========================================================================
  117          // 函数: void SendACK (void)
  118          // 描述: I2C发送ACK函数.
  119          // 参数: none.
  120          // 返回: none.
  121          // 版本: V1.0, 2020-09-15
  122          //========================================================================
  123          void SendACK()
  124          {
C251 COMPILER V5.60.0,  STC32G_I2C                                                         08/05/25  18:16:58  PAGE 3   

  125   1        I2CMSST = 0x00;                         //设置ACK信号
  126   1        I2CMSCR = 0x05;                         //发送ACK命令
  127   1        Wait();
  128   1      }
  129          
  130          //========================================================================
  131          // 函数: void SendNAK (void)
  132          // 描述: I2C发送NAK函数.
  133          // 参数: none.
  134          // 返回: none.
  135          // 版本: V1.0, 2020-09-15
  136          //========================================================================
  137          void SendNAK()
  138          {
  139   1        I2CMSST = 0x01;                         //设置NAK信号
  140   1        I2CMSCR = 0x05;                         //发送ACK命令
  141   1        Wait();
  142   1      }
  143          
  144          //========================================================================
  145          // 函数: void Stop (void)
  146          // 描述: I2C总线停止函数.
  147          // 参数: none.
  148          // 返回: none.
  149          // 版本: V1.0, 2020-09-15
  150          //========================================================================
  151          void Stop()
  152          {
  153   1        I2CMSCR = 0x06;                         //发送STOP命令
  154   1        Wait();
  155   1      }
  156          
  157          //========================================================================
  158          // 函数: void SendCmdData (u8 cmd, u8 dat)
  159          // 描述: I2C发送一个字节数据函数.
  160          // 参数: 命令/数据.
  161          // 返回: none.
  162          // 版本: V1.0, 2020-09-15
  163          //========================================================================
  164          void SendCmdData(u8 cmd, u8 dat)
  165          {
  166   1        I2CTXD = dat;                           //写数据到数据缓冲区
  167   1        I2CMSCR = cmd;                          //设置命令
  168   1        Wait();
  169   1      }
  170          
  171          //========================================================================
  172          // 函数: void I2C_WriteNbyte(u8 dev_addr, u8 mem_addr, u8 *p, u8 number)
  173          // 描述: I2C写入数据函数.
  174          // 参数: dev_addr: 设备地址, mem_addr: 存储地址, *p写入数据存储位置, number写入数据个数.
  175          // 返回: none.
  176          // 版本: V1.0, 2020-09-15
  177          //========================================================================
  178          void I2C_WriteNbyte(u8 dev_addr, u8 mem_addr, u8 *p, u8 number)  /*  DeviceAddress,WordAddress,First Data
             - Address,Byte lenth   */
  179          {
  180   1        Start();                                //发送起始命令
  181   1        SendData(dev_addr);                     //发送设备地址+写命令
  182   1        RecvACK();
  183   1        SendData(mem_addr);                     //发送存储地址
  184   1        RecvACK();
  185   1        do
  186   1        {
  187   2          SendData(*p++);
  188   2          RecvACK();
  189   2        }
C251 COMPILER V5.60.0,  STC32G_I2C                                                         08/05/25  18:16:58  PAGE 4   

  190   1        while(--number);
  191   1        Stop();                                 //发送停止命令
  192   1      }
  193          
  194          //========================================================================
  195          // 函数: void I2C_ReadNbyte(u8 dev_addr, u8 mem_addr, u8 *p, u8 number)
  196          // 描述: I2C读取数据函数.
  197          // 参数: dev_addr: 设备地址, mem_addr: 存储地址, *p读取数据存储位置, number读取数据个数.
  198          // 返回: none.
  199          // 版本: V1.0, 2020-09-15
  200          //========================================================================
  201          void I2C_ReadNbyte(u8 dev_addr, u8 mem_addr, u8 *p, u8 number)   /*  DeviceAddress,WordAddress,First Data
             - Address,Byte lenth   */
  202          {
  203   1        Start();                                //发送起始命令
  204   1        SendData(dev_addr);                     //发送设备地址+写命令
  205   1        RecvACK();
  206   1        SendData(mem_addr);                     //发送存储地址
  207   1        RecvACK();
  208   1        Start();                                //发送起始命令
  209   1        SendData(dev_addr|1);                   //发送设备地址+读命令
  210   1        RecvACK();
  211   1        do
  212   1        {
  213   2          *p = RecvData();
  214   2          p++;
  215   2          if(number != 1) SendACK();          //send ACK
  216   2        }
  217   1        while(--number);
  218   1        SendNAK();                              //send no ACK 
  219   1        Stop();                                 //发送停止命令
  220   1      }


Module Information          Static   Overlayable
------------------------------------------------
  code size            =       555     ------
  ecode size           =    ------     ------
  data size            =    ------     ------
  idata size           =    ------     ------
  pdata size           =    ------     ------
  xdata size           =    ------     ------
  xdata-const size     =    ------     ------
  edata size           =         8          6
  bit size             =    ------     ------
  ebit size            =    ------     ------
  bitaddressable size  =    ------     ------
  ebitaddressable size =    ------     ------
  far data size        =    ------     ------
  huge data size       =    ------     ------
  const size           =    ------     ------
  hconst size          =    ------     ------
End of Module Information.


C251 COMPILATION COMPLETE.  0 WARNING(S),  0 ERROR(S)
