Added Component: Designator=C1(0603CAP)
Add component (AddParameter): Name = "Value"; Value = "100nF"; VariantName = "[No Variations]"
Added Component: Designator=C2(0603CAP)
Add component (AddParameter): Name = "Value"; Value = "10nF"; VariantName = "[No Variations]"
Added Component: Designator=C3(0603CAP)
Add component (AddParameter): Name = "Value"; Value = "1nF"; VariantName = "[No Variations]"
Added Component: Designator=C4(0603CAP)
Add component (AddParameter): Name = "Value"; Value = "100nF"; VariantName = "[No Variations]"
Added Component: Designator=C5(0603CAP)
Add component (AddParameter): Name = "Value"; Value = "10nF"; VariantName = "[No Variations]"
Added Component: Designator=C6(0603CAP)
Add component (AddParameter): Name = "Value"; Value = "100nF"; VariantName = "[No Variations]"
Added Component: Designator=D1(LED_0805)
Add component (AddParameter): Name = "Value"; Value = "BLUE"; VariantName = "[No Variations]"
Added Component: Designator=D2(LED_0805)
Add component (AddParameter): Name = "Value"; Value = "RED"; VariantName = "[No Variations]"
Added Component: Designator=D3(LED_0805)
Add component (AddParameter): Name = "Value"; Value = "GREEN"; VariantName = "[No Variations]"
Added Component: Designator=J1(X1321WVS-2x04J-C40D53)
Add component (AddParameter): Name = "Value"; Value = "2*4P"; VariantName = "[No Variations]"
Added Component: Designator=J2(X1321WVS-2x04J-C40D53)
Add component (AddParameter): Name = "Value"; Value = "2*4P"; VariantName = "[No Variations]"
Added Component: Designator=J3(X1321WVS-2x04J-C40D53)
Add component (AddParameter): Name = "Value"; Value = "2*4P"; VariantName = "[No Variations]"
Added Component: Designator=J4(X1321WVS-2x04J-C40D53)
Add component (AddParameter): Name = "Value"; Value = "2*4P"; VariantName = "[No Variations]"
Added Component: Designator=J5(SIP3)
Add component (AddParameter): Name = "Value"; Value = "3P"; VariantName = "[No Variations]"
Added Component: Designator=K1(KEY_TS-1185-x-A-A-A)
Add component (AddParameter): Name = "Value"; Value = "TS-1185-B-A-A-A"; VariantName = "[No Variations]"
Added Component: Designator=Q1(SOT23)
Added Component: Designator=R1(0603RES_Pack4)
Add component (AddParameter): Name = "Value"; Value = "510R"; VariantName = "[No Variations]"
Added Component: Designator=R2(0603RES)
Add component (AddParameter): Name = "Value"; Value = "10K"; VariantName = "[No Variations]"
Added Component: Designator=R3(0603RES)
Add component (AddParameter): Name = "Value"; Value = "10K"; VariantName = "[No Variations]"
Added Component: Designator=R4(0603RES)
Add component (AddParameter): Name = "Value"; Value = "1M"; VariantName = "[No Variations]"
Added Component: Designator=R5(0603RES)
Add component (AddParameter): Name = "Value"; Value = "10K"; VariantName = "[No Variations]"
Added Component: Designator=R6(0603RES)
Add component (AddParameter): Name = "Value"; Value = "22K"; VariantName = "[No Variations]"
Added Component: Designator=R7(0603RES)
Add component (AddParameter): Name = "Value"; Value = "10R"; VariantName = "[No Variations]"
Added Component: Designator=R8(0603RES)
Add component (AddParameter): Name = "Value"; Value = "10K"; VariantName = "[No Variations]"
Added Component: Designator=U1(SO-8)
Add component (AddParameter): Name = "Value"; Value = "ULN2001"; VariantName = "[No Variations]"
Added Component: Designator=U2(SOT23-5)
Added Component: Designator=U3(SOT23-5)
Added Pin To Net: NetName=ADC0 Pin=C5-1
Added Pin To Net: NetName=ADC0 Pin=J3-8
Added Pin To Net: NetName=ADC0 Pin=R6-2
Added Pin To Net: NetName=ADC0 Pin=U3-1
Added Net: Name=ADC0
Added Pin To Net: NetName=ADC1 Pin=J4-2
Added Net: Name=ADC1
Added Pin To Net: NetName=DAC_OUT Pin=J3-6
Added Net: Name=DAC_OUT
Added Pin To Net: NetName=Dis_blue_EN Pin=J4-4
Added Pin To Net: NetName=Dis_blue_EN Pin=U1-1
Added Net: Name=Dis_blue_EN
Added Pin To Net: NetName=Dis_green_EN Pin=J4-8
Added Pin To Net: NetName=Dis_green_EN Pin=U1-3
Added Net: Name=Dis_green_EN
Added Pin To Net: NetName=Dis_red_EN Pin=J4-6
Added Pin To Net: NetName=Dis_red_EN Pin=U1-2
Added Net: Name=Dis_red_EN
Added Pin To Net: NetName=GND Pin=C1-1
Added Pin To Net: NetName=GND Pin=C4-1
Added Pin To Net: NetName=GND Pin=C6-1
Added Pin To Net: NetName=GND Pin=J2-2
Added Pin To Net: NetName=GND Pin=J2-4
Added Pin To Net: NetName=GND Pin=J2-6
Added Pin To Net: NetName=GND Pin=J2-8
Added Pin To Net: NetName=GND Pin=K1-1
Added Pin To Net: NetName=GND Pin=R5-1
Added Pin To Net: NetName=GND Pin=R8-1
Added Pin To Net: NetName=GND Pin=U1-4
Added Pin To Net: NetName=GND Pin=U2-2
Added Pin To Net: NetName=GND Pin=U3-2
Added Net: Name=GND
Added Pin To Net: NetName=I2C1_SCL Pin=J4-1
Added Net: Name=I2C1_SCL
Added Pin To Net: NetName=I2C1_SDA Pin=J4-3
Added Net: Name=I2C1_SDA
Added Pin To Net: NetName=KEY_HOME Pin=J4-5
Added Pin To Net: NetName=KEY_HOME Pin=K1-2
Added Net: Name=KEY_HOME
Added Pin To Net: NetName=LED_blue Pin=D1-2
Added Pin To Net: NetName=LED_blue Pin=R1-6
Added Net: Name=LED_blue
Added Pin To Net: NetName=LED_green Pin=D3-2
Added Pin To Net: NetName=LED_green Pin=R1-8
Added Net: Name=LED_green
Added Pin To Net: NetName=LED_red Pin=D2-2
Added Pin To Net: NetName=LED_red Pin=R1-7
Added Net: Name=LED_red
Added Pin To Net: NetName=NetC2_1 Pin=C2-1
Added Pin To Net: NetName=NetC2_1 Pin=R2-2
Added Pin To Net: NetName=NetC2_1 Pin=R3-1
Added Net: Name=NetC2_1
Added Pin To Net: NetName=NetC2_2 Pin=C2-2
Added Pin To Net: NetName=NetC2_2 Pin=C3-2
Added Pin To Net: NetName=NetC2_2 Pin=J5-1
Added Pin To Net: NetName=NetC2_2 Pin=U2-1
Added Net: Name=NetC2_2
Added Pin To Net: NetName=NetC3_1 Pin=C3-1
Added Pin To Net: NetName=NetC3_1 Pin=R3-2
Added Pin To Net: NetName=NetC3_1 Pin=U2-4
Added Net: Name=NetC3_1
Added Pin To Net: NetName=NetC5_2 Pin=C5-2
Added Pin To Net: NetName=NetC5_2 Pin=R6-1
Added Pin To Net: NetName=NetC5_2 Pin=R7-2
Added Pin To Net: NetName=NetC5_2 Pin=U3-4
Added Net: Name=NetC5_2
Added Pin To Net: NetName=NetJ5_2 Pin=J5-2
Added Pin To Net: NetName=NetJ5_2 Pin=Q1-1
Added Pin To Net: NetName=NetJ5_2 Pin=R2-1
Added Net: Name=NetJ5_2
Added Pin To Net: NetName=NetJ5_3 Pin=J5-3
Added Pin To Net: NetName=NetJ5_3 Pin=Q1-2
Added Pin To Net: NetName=NetJ5_3 Pin=R7-1
Added Net: Name=NetJ5_3
Added Pin To Net: NetName=NetQ1_3 Pin=Q1-3
Added Pin To Net: NetName=NetQ1_3 Pin=R4-1
Added Net: Name=NetQ1_3
Added Pin To Net: NetName=NetR1_1 Pin=R1-1
Added Pin To Net: NetName=NetR1_1 Pin=U1-6
Added Net: Name=NetR1_1
Added Pin To Net: NetName=NetR1_2 Pin=R1-2
Added Pin To Net: NetName=NetR1_2 Pin=U1-7
Added Net: Name=NetR1_2
Added Pin To Net: NetName=NetR1_3 Pin=R1-3
Added Pin To Net: NetName=NetR1_3 Pin=U1-8
Added Net: Name=NetR1_3
Added Pin To Net: NetName=NetR5_2 Pin=R5-2
Added Pin To Net: NetName=NetR5_2 Pin=U2-3
Added Net: Name=NetR5_2
Added Pin To Net: NetName=NetR8_2 Pin=R8-2
Added Pin To Net: NetName=NetR8_2 Pin=U3-3
Added Net: Name=NetR8_2
Added Pin To Net: NetName=SPI2_CS Pin=J3-4
Added Net: Name=SPI2_CS
Added Pin To Net: NetName=SPI2_MISO Pin=J3-1
Added Net: Name=SPI2_MISO
Added Pin To Net: NetName=SPI2_MOSI Pin=J3-3
Added Net: Name=SPI2_MOSI
Added Pin To Net: NetName=SPI2_SCK Pin=J3-2
Added Net: Name=SPI2_SCK
Added Pin To Net: NetName=USART2_RXD Pin=J3-5
Added Net: Name=USART2_RXD
Added Pin To Net: NetName=USART2_TXD Pin=J3-7
Added Net: Name=USART2_TXD
Added Pin To Net: NetName=VBUS Pin=J1-2
Added Pin To Net: NetName=VBUS Pin=J1-4
Added Pin To Net: NetName=VBUS Pin=J1-6
Added Pin To Net: NetName=VBUS Pin=J1-8
Added Net: Name=VBUS
Added Pin To Net: NetName=VCC_3V3_MCU Pin=C1-2
Added Pin To Net: NetName=VCC_3V3_MCU Pin=C4-2
Added Pin To Net: NetName=VCC_3V3_MCU Pin=C6-2
Added Pin To Net: NetName=VCC_3V3_MCU Pin=D1-1
Added Pin To Net: NetName=VCC_3V3_MCU Pin=D2-1
Added Pin To Net: NetName=VCC_3V3_MCU Pin=D3-1
Added Pin To Net: NetName=VCC_3V3_MCU Pin=J4-7
Added Pin To Net: NetName=VCC_3V3_MCU Pin=R4-2
Added Pin To Net: NetName=VCC_3V3_MCU Pin=U1-5
Added Pin To Net: NetName=VCC_3V3_MCU Pin=U2-5
Added Pin To Net: NetName=VCC_3V3_MCU Pin=U3-5
Added Net: Name=VCC_3V3_MCU
Added Pin To Net: NetName=VCC_5V Pin=J2-1
Added Pin To Net: NetName=VCC_5V Pin=J2-3
Added Pin To Net: NetName=VCC_5V Pin=J2-5
Added Pin To Net: NetName=VCC_5V Pin=J2-7
Added Net: Name=VCC_5V
Added Pin To Net: NetName=VSS Pin=J1-1
Added Pin To Net: NetName=VSS Pin=J1-3
Added Pin To Net: NetName=VSS Pin=J1-5
Added Pin To Net: NetName=VSS Pin=J1-7
Added Net: Name=VSS
Added Class: Name=DS137-1.0-BķþŅõŧŊÁōīŦļÐÆũ
