Change Component Comment : Designator=U2 Old Comment=TL062C New Comment=OPA2192
Change component parameters: Designator = "J5" ("J5"); Footprint = "3_Electrode"; UniqueID = "\KATRTVEA" ("\KATRTVEA")
Change component parameters (AddParameter): Name = "Value"; Value = "ČýµçĽ«´«¸ĐĆ÷"; VariantName = "[No Variations]"
Added Component: Designator=C?(0603CAP)
Add component (AddParameter): Name = "Value"; Value = "100nF"; VariantName = "[No Variations]"
Added Component: Designator=D?(LED_0805)
Add component (AddParameter): Name = "Value"; Value = "RED"; VariantName = "[No Variations]"
Added Component: Designator=D?(LED_0805)
Add component (AddParameter): Name = "Value"; Value = "GREEN"; VariantName = "[No Variations]"
Added Component: Designator=D?(LED_0805)
Add component (AddParameter): Name = "Value"; Value = "BLUE"; VariantName = "[No Variations]"
Added Component: Designator=J?(X1321WVS-2x04J-C40D53)
Add component (AddParameter): Name = "Value"; Value = "2*4P"; VariantName = "[No Variations]"
Added Component: Designator=J?(X1321WVS-2x04J-C40D53)
Add component (AddParameter): Name = "Value"; Value = "2*4P"; VariantName = "[No Variations]"
Added Component: Designator=J?(X1321WVS-2x04J-C40D53)
Add component (AddParameter): Name = "Value"; Value = "2*4P"; VariantName = "[No Variations]"
Added Component: Designator=J?(X1321WVS-2x04J-C40D53)
Add component (AddParameter): Name = "Value"; Value = "2*4P"; VariantName = "[No Variations]"
Added Component: Designator=K?(KEY_TS-1185-x-A-A-A)
Add component (AddParameter): Name = "Value"; Value = "TS-1185-B-A-A-A"; VariantName = "[No Variations]"
Added Component: Designator=R?(0603RES_Pack4)
Add component (AddParameter): Name = "Value"; Value = "510R"; VariantName = "[No Variations]"
Added Component: Designator=R?(0603RES_Pack4)
Add component (AddParameter): Name = "Value"; Value = "510R"; VariantName = "[No Variations]"
Added Component: Designator=R?(0603RES_Pack4)
Add component (AddParameter): Name = "Value"; Value = "510R"; VariantName = "[No Variations]"
Added Component: Designator=(XH2.54-3P)
Add component (AddParameter): Name = "Value"; Value = "toB°ĺ"; VariantName = "[No Variations]"
Added Component: Designator=U?(SO-8)
Add component (AddParameter): Name = "Value"; Value = "ULN2001"; VariantName = "[No Variations]"
Added Pin To Net: NetName=ADC0 Pin=-1
Added Pin To Net: NetName=GND Pin=-2
Added Pin To Net: NetName=VCC_3V3_MCU Pin=-3
Added Pin To Net: NetName=GND Pin=C?-1
Added Pin To Net: NetName=LED_blue Pin=D?-2
Added Pin To Net: NetName=LED_green Pin=D?-2
Added Pin To Net: NetName=LED_red Pin=D?-2
Added Pin To Net: NetName=I2C1_SCL Pin=J?-1
Added Pin To Net: NetName=SPI2_MISO Pin=J?-1
Added Pin To Net: NetName=VCC_3V3_MCU Pin=J?-1
Added Pin To Net: NetName=VSS Pin=J?-1
Added Pin To Net: NetName=ADC1 Pin=J?-2
Added Pin To Net: NetName=GND Pin=J?-2
Added Pin To Net: NetName=SPI2_SCK Pin=J?-2
Added Pin To Net: NetName=VBUS Pin=J?-2
Added Pin To Net: NetName=I2C1_SDA Pin=J?-3
Added Pin To Net: NetName=SPI2_MOSI Pin=J?-3
Added Pin To Net: NetName=VCC_3V3_MCU Pin=J?-3
Added Pin To Net: NetName=VSS Pin=J?-3
Added Pin To Net: NetName=Dis_blue_EN Pin=J?-4
Added Pin To Net: NetName=GND Pin=J?-4
Added Pin To Net: NetName=SPI2_CS Pin=J?-4
Added Pin To Net: NetName=VBUS Pin=J?-4
Added Pin To Net: NetName=KEY_HOME Pin=J?-5
Added Pin To Net: NetName=USART2_RXD Pin=J?-5
Added Pin To Net: NetName=VCC_3V3_MCU Pin=J?-5
Added Pin To Net: NetName=VSS Pin=J?-5
Added Pin To Net: NetName=DAC_OUT Pin=J?-6
Added Pin To Net: NetName=Dis_red_EN Pin=J?-6
Added Pin To Net: NetName=GND Pin=J?-6
Added Pin To Net: NetName=VBUS Pin=J?-6
Added Pin To Net: NetName=USART2_TXD Pin=J?-7
Added Pin To Net: NetName=VCC_3V3_MCU Pin=J?-7
Added Pin To Net: NetName=VSS Pin=J?-7
Added Pin To Net: NetName=ADC0 Pin=J?-8
Added Pin To Net: NetName=Dis_green_EN Pin=J?-8
Added Pin To Net: NetName=GND Pin=J?-8
Added Pin To Net: NetName=VBUS Pin=J?-8
Added Pin To Net: NetName=GND Pin=K?-1
Added Pin To Net: NetName=KEY_HOME Pin=K?-2
Added Pin To Net: NetName=LED_blue Pin=R?-6
Added Pin To Net: NetName=LED_red Pin=R?-7
Added Pin To Net: NetName=LED_green Pin=R?-8
Added Pin To Net: NetName=Dis_blue_EN Pin=U?-1
Added Pin To Net: NetName=Dis_red_EN Pin=U?-2
Added Pin To Net: NetName=Dis_green_EN Pin=U?-3
Added Pin To Net: NetName=GND Pin=U?-4
Change Net Name : Old Net Name=VCC_3V3_MCU New Net Name=VCC_5V
Added Pin To Net: NetName=NetR?_1 Pin=R?-1
Added Pin To Net: NetName=NetR?_1 Pin=U?-6
Added Net: Name=NetR?_1
Added Pin To Net: NetName=NetR?_2 Pin=R?-2
Added Pin To Net: NetName=NetR?_2 Pin=U?-7
Added Net: Name=NetR?_2
Added Pin To Net: NetName=NetR?_3 Pin=R?-3
Added Pin To Net: NetName=NetR?_3 Pin=U?-8
Added Net: Name=NetR?_3
Added Pin To Net: NetName=VCC_3V3_MCU Pin=C?-2
Added Pin To Net: NetName=VCC_3V3_MCU Pin=D?-1
Added Pin To Net: NetName=VCC_3V3_MCU Pin=D?-1
Added Pin To Net: NetName=VCC_3V3_MCU Pin=D?-1
Added Pin To Net: NetName=VCC_3V3_MCU Pin=J?-7
Added Pin To Net: NetName=VCC_3V3_MCU Pin=U?-5
Added Net: Name=VCC_3V3_MCU
Change Class Name : Old Net Name=DS137-1.0-B¶ţŃő»ŻÁň´«¸ĐĆ÷ New Net Name=DS137-1.0-C¶ţŃő»ŻÁň´«¸ĐĆ÷
Added Class: Name=DS137-1.0-B¶ţŃő»ŻÁň´«¸ĐĆ÷
Added Member To Class: ClassName=DS137-1.0-C¶ţŃő»ŻÁň´«¸ĐĆ÷ Member=Component  SL000000028
