C251 COMPILER V5.60.0,  bsp_dht11_driver                                                   10/05/25  14:25:58  PAGE 1   


C251 COMPILER V5.60.0, COMPILATION OF MODULE bsp_dht11_driver
OBJECT MODULE PLACED IN .\Objects\bsp_dht11_driver.obj
COMPILER INVOKED BY: C:\Keil_v5\C251\BIN\C251.EXE USER\bsp_dht11_driver.c XSMALL INTR2 BROWSE INCDIR(.\USER;.\Library) D
                    -EBUG PRINT(.\Listings\bsp_dht11_driver.lst) OBJECT(.\Objects\bsp_dht11_driver.obj) 

stmt  level    source

    1          #include "bsp_dht11_driver.h"
    2          
    3          #include "STC32G_GPIO.h"
    4          
    5          // 定义DHT11连接的GPIO
    6          sbit DHT11_DQ = P1 ^ 1;
    7          
    8          #define TIMEOUT 200 // 单位为1us
    9          
   10          #define DEBUG 1
   11          
   12          // #define DQ_MODE_IN  P1_MODE_IN_HIZ(GPIO_Pin_1)
   13          // #define DQ_MODE_OUT P1_MODE_OUT_PP(GPIO_Pin_1)
   14          
   15          #define DHT11_DQ_HIGH() (DHT11_DQ = 1)
   16          #define DHT11_DQ_LOW() (DHT11_DQ = 0)
   17          #define DHT11_DQ_READ() (DHT11_DQ)
   18          
   19          u8 array[5];
   20          volatile u8 timeout;
   21          
   22          // 微秒级延时函数 @24MHz 误差约+4%
   23          static void Delay_us(u16 us)
   24          {
   25   1          while (us--)
   26   1          {
   27   2              _nop_();
   28   2              _nop_();
   29   2              _nop_();
   30   2              _nop_();
   31   2              _nop_();
   32   2              _nop_();
   33   2              _nop_();
   34   2              _nop_();
   35   2              _nop_();
   36   2              _nop_();
   37   2              _nop_();
   38   2              _nop_();
   39   2              _nop_();
   40   2              _nop_();
   41   2              _nop_();
   42   2              _nop_();
   43   2              _nop_();
   44   2              _nop_();
   45   2              _nop_();
   46   2          }
   47   1      }
   48          
   49          // 毫秒级延时函数 @24MHz
   50          static void Delay_ms(u16 ms)
   51          {
   52   1          while (ms--)
   53   1          {
   54   2              Delay_us(1000);
   55   2          }
   56   1      }
   57          
   58          // 读取DHT11一个字节
C251 COMPILER V5.60.0,  bsp_dht11_driver                                                   10/05/25  14:25:58  PAGE 2   

   59          static u8 DHT11_ReadByte(void)
   60          {
   61   1          u8 byte = 0, i;
   62   1      
   63   1          for (i = 0; i < 8; i++)
   64   1          {
   65   2              timeout = TIMEOUT;
   66   2              //
   67   2              while (1 == DHT11_DQ_READ())
   68   2              {
   69   3                  if (0 == --timeout)
   70   3                  {
   71   4                      return 0xFF; // 返回异常数值表示低电平超时。
   72   4                  }
   73   3                  Delay_us(1);
   74   3              }
   75   2              //
   76   2              // 过渡 54us 的低电平
   77   2              while (0 == DHT11_DQ_READ())
   78   2              {
   79   3                  if (0 == --timeout)
   80   3                  {
   81   4                      return 0xFF; // 返回异常数值表示低电平超时。
   82   4                  }
   83   3                  Delay_us(1);
   84   3              }
   85   2              Delay_us(35); // 数据0会持续高电平23~27us 数据1会持续高电平68~74us
   86   2              byte <<= 1;
   87   2      
   88   2              if (1 == DHT11_DQ_READ())
   89   2              {
   90   3                  byte |= 1;
   91   3                  // 等待剩余的高电平时间
   92   3                  timeout = TIMEOUT;
   93   3                  while (1 == DHT11_DQ_READ())
   94   3                  {
   95   4                      if (--timeout == 0)
   96   4                          break;
   97   4                      Delay_us(1);
   98   4                  }
   99   3              }
  100   2          }
  101   1          return byte;
  102   1      }
  103          
  104          // DHT11初始化
  105          void DHT11_Init(void)
  106          {
  107   1          P1_MODE_IO_PU(GPIO_Pin_1); // P1.1设置初始为准双向口
  108   1          DHT11_DQ_HIGH();           // 初始化为高电平
  109   1          Delay_ms(1000);            // 1s过度不稳定状态
  110   1      }
  111          
  112          // 读取DHT11数据
  113          DHT11_Status DHT11_ReadData(dht11_t *handle)
  114          {
  115   1          u8 sum = 0;
  116   1      
  117   1          if (handle == NULL)
  118   1          {
  119   2              return DHT11_ERROR_NULL;
  120   2          }
  121   1      
  122   1          DHT11_DQ = 0; // 拉低至少18ms
  123   1          Delay_ms(20);
  124   1          DHT11_DQ = 1; // 拉高20-40us
C251 COMPILER V5.60.0,  bsp_dht11_driver                                                   10/05/25  14:25:58  PAGE 3   

  125   1          Delay_us(30);
  126   1      
  127   1          timeout = TIMEOUT;
  128   1          // 等待DHT11拉低响应(83us)
  129   1          while (0 == DHT11_DQ_READ())
  130   1          {
  131   2              if (0 == --timeout)
  132   2              {
  133   3                  return DHT11_ERROR_TIMEOUT;
  134   3              }
  135   2              Delay_us(1);
  136   2          }
  137   1      
  138   1          // 等待DHT11拉高(87us)
  139   1          timeout = TIMEOUT;
  140   1          while (1 == DHT11_DQ_READ())
  141   1          {
  142   2              if (0 == --timeout)
  143   2              {
  144   3                  return DHT11_ERROR_TIMEOUT;
  145   3              }
  146   2              Delay_us(1);
  147   2          }
  148   1          // 读取5个字节数据
  149   1          array[0] = DHT11_ReadByte(); // 湿度整数部分
  150   1          array[1] = DHT11_ReadByte(); // 湿度小数部分
  151   1          array[2] = DHT11_ReadByte(); // 温度整数部分
  152   1          array[3] = DHT11_ReadByte(); // 温度小数部分
  153   1          array[4] = DHT11_ReadByte(); // 校验和
  154   1      
  155   1          // 校验数据
  156   1          sum = array[0] + array[1] + array[2] + array[3];
  157   1      
  158   1          if (sum != array[4])
  159   1          {
  160   2              handle->sumcheck = 1; // 校验失败
  161   2              return DHT11_ERROR_CHECKSUM;
  162   2          }
  163   1      
  164   1          // 数据解析
  165   1      
  166   1          //    handle->humidity = 1;//可以
  167   1          //    handle->temp     = 1;
  168   1      
  169   1          //    handle->humidity = (float)array[0] + (float)array[1];
  170   1          //    handle->temp     = (float)array[2] + (float)(array[3] & 0x7F);
  171   1          if (1 == array[3] & 0x80)
  172   1          { // 温度为负值
  173   2              handle->temp = 0 - handle->temp;
  174   2          }
  175   1      
  176   1          return DHT11_OK;
  177   1      }


Module Information          Static   Overlayable
------------------------------------------------
  code size            =       443     ------
  ecode size           =    ------     ------
  data size            =    ------     ------
  idata size           =    ------     ------
  pdata size           =    ------     ------
  xdata size           =    ------     ------
  xdata-const size     =    ------     ------
  edata size           =         6     ------
  bit size             =    ------     ------
  ebit size            =    ------     ------
C251 COMPILER V5.60.0,  bsp_dht11_driver                                                   10/05/25  14:25:58  PAGE 4   

  bitaddressable size  =    ------     ------
  ebitaddressable size =    ------     ------
  far data size        =    ------     ------
  huge data size       =    ------     ------
  const size           =    ------     ------
  hconst size          =    ------     ------
End of Module Information.


C251 COMPILATION COMPLETE.  0 WARNING(S),  0 ERROR(S)
