C251 COMPILER V5.60.0,  LED_drive                                                          20/05/26  15:29:21  PAGE 1   


C251 COMPILER V5.60.0, COMPILATION OF MODULE LED_drive
OBJECT MODULE PLACED IN .\Objects\LED_drive.obj
COMPILER INVOKED BY: C:\Keil_v5\C251\BIN\C251.EXE USER\LED_drive.c XSMALL INTR2 BROWSE INCDIR(.\USER;.\Library) DEBUG PR
                    -INT(.\Listings\LED_drive.lst) OBJECT(.\Objects\LED_drive.obj) 

stmt  level    source

    1          #include "STC32G_GPIO.h"
    2          #include "STC32G_DMA.h"
    3          #include "STC32G_NVIC.h"
    4          #include "STC32G_LCM.h"
    5          #include "STC32G_Delay.h"
    6          #include "STC32G_Switch.h"
    7          #include "LED_drive.h"
    8          
    9          //========================================================================
   10          // әҜКэ: void RGB_LCD_GPIO_config(void)
   11          // ГиКц: LEDөЖЗэ¶ҜIOҝЪЕдЦГ.
   12          // ІОКэ: none.
   13          // ·ө»Ш: none.
   14          // °жұҫ: V1.0, 2024-06-26
   15          void DIS_LED_GPIO_config(void)
   16          {
   17   1                      P2_MODE_OUT_PP(GPIO_Pin_1 | GPIO_Pin_2 | GPIO_Pin_3 );          //P2.1 P2.2 P2.3ЙиЦГОӘНЖНмКдіц  
   18   1      
   19   1                      P3_MODE_OUT_PP(GPIO_Pin_6 );            //P0.3 P0.4ЙиЦГіЙНЖНмКдіц       
   20   1      }
   21          
   22          //========================================================================
   23          // әҜКэ: void DIS_LED_init(void)  
   24          // ГиКц: LEDөЖіхКј»Ҝ.
   25          // ІОКэ: none.
   26          // ·ө»Ш: none.
   27          // °жұҫ: V1.0, 2024-06-26
   28          void DIS_LED_init(void)  
   29          {
   30   1                      DIS_LED_GPIO_config();
   31   1                      Range1_LED = 0;         //ПЁГрRange1_LED 
   32   1                      Range2_LED = 0;         //ПЁГрRange2_LED 
   33   1                      Range3_LED = 0;   //ПЁПЁГрRange3_LED 
   34   1      }
   35          
   36          //========================================================================
   37          // әҜКэ: void DIS_LED_ALL_on(void) 
   38          // ГиКц: LEDөЖИ«ББ.
   39          // ІОКэ: none.
   40          // ·ө»Ш: none.
   41          // °жұҫ: V1.0, 2024-06-26
   42          void DIS_LED_ALL_on(void)  
   43          {
   44   1                      Range1_LED = 1;  //өгББRange1_LED
   45   1                      Range2_LED = 1;  //өгББRange2_LED
   46   1                      Range3_LED = 1;  //өгББRange3_LED
   47   1      }
   48          
   49          //========================================================================
   50          // әҜКэ: void DIS_LED_ALL_off(void)   
   51          // ГиКц: LEDөЖИ«Гр.
   52          // ІОКэ: none.
   53          // ·ө»Ш: none.
   54          // °жұҫ: V1.0, 2024-06-26
   55          void DIS_LED_ALL_off(void)  
   56          {
   57   1                      Range1_LED = 0;  //ПЁГрRange1_LED 
   58   1                      Range2_LED = 0;  //ПЁГрRange2_LED 
C251 COMPILER V5.60.0,  LED_drive                                                          20/05/26  15:29:21  PAGE 2   

   59   1                      Range3_LED = 0;  //ПЁПЁГрRange3_LED 
   60   1      }
   61          
   62          //========================================================================
   63          // әҜКэ: void DIS_LED_Enable(unsigned char LED_num)   
   64          // ГиКц: өгББИОТвLED.
   65          // ІОКэ: none.
   66          // ·ө»Ш: none.
   67          // °жұҫ: V1.0, 2024-06-26
   68          void DIS_LED_Enable(unsigned char LED_num)  
   69          {
   70   1                      switch(LED_num)
   71   1                      {
   72   2                                      case 1: Range1_LED = 1;         break;  //өгББRange1_LED;
   73   2                                      case 2: Range2_LED = 1;         break;  //өгББRange2_LED;
   74   2                                      case 3: Range3_LED = 1;         break;  //өгББRange3_LED;                       
   75   2      //                              default:        ;
   76   2                      }
   77   1      }       
   78                  
   79          //========================================================================
   80          // әҜКэ: void DIS_LED_Disable(unsigned char LED_num)   
   81          // ГиКц: ПЁГрИОТвLED.
   82          // ІОКэ: none.
   83          // ·ө»Ш: none.
   84          // °жұҫ: V1.0, 2024-06-26
   85          void DIS_LED_Disable(unsigned char LED_num)  
   86          {
   87   1                      switch(LED_num)
   88   1                      {
   89   2                                      case 1: Range1_LED = 0;         break;  //ПЁГрRange1_LED ;
   90   2                                      case 2: Range2_LED = 0;         break;  //ПЁГрRange2_LED ;
   91   2                                      case 3: Range3_LED = 0;         break;  //ПЁПЁГрRange3_LED ;                    
   92   2      //                              default:        ;
   93   2                      }       
   94   1      }
   95          
   96          //========================================================================
   97          // әҜКэ: void DIS_LED_Just_One_Enable(void)   
   98          // ГиКц: ҪцөгББТ»ёцLED.
   99          // ІОКэ: none.
  100          // ·ө»Ш: none.
  101          // °жұҫ: V1.0, 2024-06-26
  102          void DIS_LED_Just_One_Enable(unsigned char LED_num)  
  103          {
  104   1                      DIS_LED_ALL_off();//ПЁГрЛщУРDIS_LED;            
  105   1                      switch(LED_num)
  106   1                      {
  107   2                                      case 0: DIS_LED_ALL_off();      break;  //ПЁГрЛщУРDIS_LED;                      
  108   2                                      case 1: Range1_LED = 1;         break;  //өгББRange1_LED;
  109   2                                      case 2: Range2_LED = 1;         break;  //өгББRange2_LED;
  110   2                                      case 3: Range3_LED = 1;         break;  //өгББRange3_LED;                       
  111   2      //                              default:        ;
  112   2                      }
  113   1      }       
  114          
  115          //========================================================================
  116          // әҜКэ: void DIS_LED_Test(void)  
  117          // ГиКц: LEDөЖіхІвКФ.
  118          // ІОКэ: none.
  119          // ·ө»Ш: none.
  120          // °жұҫ: V1.0, 2024-06-26
  121          void DIS_LED_Test(void)  
  122          {
  123   1                      DIS_LED_ALL_off();
  124   1                      delay_ms(1000);
C251 COMPILER V5.60.0,  LED_drive                                                          20/05/26  15:29:21  PAGE 3   

  125   1      
  126   1      
  127   1                      DIS_LED_ALL_on();
  128   1                      delay_ms(1000);
  129   1      }
  130          
  131          
  132          //========================================================================
  133          // әҜКэ: void LED_flashing_slowly(unsigned char LED_number,unsigned char Times)  
  134          // ГиКц: LED»әВэЙБЛё.
  135          // ІОКэ: none.
  136          // ·ө»Ш: none.
  137          // °жұҫ: V1.0, 2025-04-16
  138          void LED_flashing_slowly(unsigned char LED_number,unsigned char Times)  
  139          {
  140   1                      unsigned char pos;      
  141   1          for(pos = 0; pos < Times; pos++) 
  142   1                      {
  143   2                                      DIS_LED_Enable(LED_number);
  144   2                                      delay_ms(500);
  145   2                                      DIS_LED_Disable(LED_number);
  146   2                                      delay_ms(500);                  
  147   2          }            
  148   1      }
  149          
  150          //========================================================================
  151          // әҜКэ: void LED_flashing_rapidly(unsigned char LED_number,unsigned char Times)  
  152          // ГиКц: LEDҝмЛЩЙБЛё.
  153          // ІОКэ: none.
  154          // ·ө»Ш: none.
  155          // °жұҫ: V1.0, 2025-04-16
  156          void LED_flashing_rapidly(unsigned char LED_number,unsigned char Times)  
  157          {
  158   1                      unsigned char pos;      
  159   1          for(pos = 0; pos < Times; pos++) 
  160   1                      {       
  161   2                              DIS_LED_Enable(LED_number);
  162   2                              delay_ms(200);
  163   2                              DIS_LED_Disable(LED_number);
  164   2                              delay_ms(200);
  165   2                      } 
  166   1      }


Module Information          Static   Overlayable
------------------------------------------------
  code size            =       239     ------
  ecode size           =    ------     ------
  data size            =    ------     ------
  idata size           =    ------     ------
  pdata size           =    ------     ------
  xdata size           =    ------     ------
  xdata-const size     =    ------     ------
  edata size           =    ------     ------
  bit size             =    ------     ------
  ebit size            =    ------     ------
  bitaddressable size  =    ------     ------
  ebitaddressable size =    ------     ------
  far data size        =    ------     ------
  huge data size       =    ------     ------
  const size           =    ------     ------
  hconst size          =    ------     ------
End of Module Information.


C251 COMPILATION COMPLETE.  0 WARNING(S),  0 ERROR(S)
