C251 COMPILER V5.60.0,  UART_drive                                                         08/05/25  18:11:56  PAGE 1   


C251 COMPILER V5.60.0, COMPILATION OF MODULE UART_drive
OBJECT MODULE PLACED IN .\Objects\UART_drive.obj
COMPILER INVOKED BY: C:\Keil_v5\C251\BIN\C251.EXE USER\UART_drive.c XSMALL INTR2 BROWSE INCDIR(.\USER;.\Library) DEBUG P
                    -RINT(.\Listings\UART_drive.lst) TABS(2) OBJECT(.\Objects\UART_drive.obj) 

stmt  level    source

    1          #include  "config.h"
    2          #include  "STC32G_UART.h"
    3          #include  "STC32G_GPIO.h"
    4          #include  "STC32G_NVIC.h"
    5          #include  "STC32G_Switch.h"
    6          #include  "UART_drive.h"
    7          
    8          
    9          //========================================================================
   10          // КЏЪ§: void UART1_GPIO_config(void)
   11          // УшЪі: UART1_IOПкХфжУ.
   12          // ВЮЪ§: none.
   13          // ЗЕЛи: none.
   14          // АцБО: V1.0, 2024-06-26
   15          void UART1_GPIO_config(void)
   16          {
   17   1        P3_MODE_IO_PU(GPIO_Pin_6 | GPIO_Pin_7);   //P3.6,P3.7 ЩшжУЮЊзМЫЋЯђПк
   18   1      }
   19          
   20          //========================================================================
   21          // КЏЪ§: void UART1_config(void)
   22          // УшЪі: ДЎПк1ГѕЪМЛЏКЏЪ§.
   23          // ВЮЪ§: none.
   24          // ЗЕЛи: none.
   25          // АцБО: V1.0, 2024-06-26
   26          void UART1_config(void)
   27          {
   28   1        COMx_InitDefine   COMx_InitStructure;         //НсЙЙЖЈвх
   29   1      
   30   1        COMx_InitStructure.UART_Mode      = UART_8bit_BRTx; //ФЃЪН, UART_ShiftRight,UART_8bit_BRTx,UART_9bit,UAR
             -T_9bit_BRTx
   31   1        COMx_InitStructure.UART_BRT_Use   = BRT_Timer1;     //бЁдёВЈЬиТЪЗЂЩњЦї, BRT_Timer1, BRT_Timer2 (зЂвт: ДЎПк
             -2ЙЬЖЈЪЙгУBRT_Timer2)
   32   1        COMx_InitStructure.UART_BaudRate  = 9600ul;     //ВЈЬиТЪ, вЛАу 110 ~ 115200
   33   1        COMx_InitStructure.UART_RxEnable  = ENABLE;       //НгЪедЪаэ,   ENABLEЛђDISABLE
   34   1        COMx_InitStructure.BaudRateDouble = DISABLE;      //ВЈЬиТЪМгБЖ, ENABLEЛђDISABLE
   35   1        UART_Configuration(UART1, &COMx_InitStructure);   //ГѕЪМЛЏДЎПк1 UART1,UART2,UART3,UART4
   36   1        NVIC_UART1_Init(ENABLE,Priority_1);   //жаЖЯЪЙФм, ENABLE/DISABLE; гХЯШМЖ(ЕЭЕНИп) Priority_0,Priority_1,Pr
             -iority_2,Priority_3
   37   1      
   38   1        UART1_SW(UART1_SW_P36_P37);   //UART1_SW_P30_P31,UART1_SW_P36_P37,UART1_SW_P16_P17,UART1_SW_P43_P44
   39   1      }
   40          
   41          //========================================================================
   42          // КЏЪ§: void UART1_drive_init(void)
   43          // УшЪі: ДЎПк1ГѕЪМЛЏКЏЪ§.
   44          // ВЮЪ§: none.
   45          // ЗЕЛи: none.
   46          // АцБО: V1.0, 2024-06-26
   47          void UART1_drive_init(void)
   48          {
   49   1          UART1_GPIO_config();
   50   1          UART1_config(); 
   51   1      }
   52          
   53          
   54          
   55          
C251 COMPILER V5.60.0,  UART_drive                                                         08/05/25  18:11:56  PAGE 2   



Module Information          Static   Overlayable
------------------------------------------------
  code size            =        68     ------
  ecode size           =    ------     ------
  data size            =    ------     ------
  idata size           =    ------     ------
  pdata size           =    ------     ------
  xdata size           =    ------     ------
  xdata-const size     =    ------     ------
  edata size           =    ------          9
  bit size             =    ------     ------
  ebit size            =    ------     ------
  bitaddressable size  =    ------     ------
  ebitaddressable size =    ------     ------
  far data size        =    ------     ------
  huge data size       =    ------     ------
  const size           =    ------     ------
  hconst size          =    ------     ------
End of Module Information.


C251 COMPILATION COMPLETE.  0 WARNING(S),  0 ERROR(S)
