C251 COMPILER V5.60.0,  DS135_Tur_drive                                                    04/06/25  14:07:30  PAGE 1   


C251 COMPILER V5.60.0, COMPILATION OF MODULE DS135_Tur_drive
OBJECT MODULE PLACED IN .\Objects\DS135_Tur_drive.obj
COMPILER INVOKED BY: C:\Keil_v5\C251\BIN\C251.EXE USER\DS135_Tur_drive.c XSMALL INTR2 BROWSE INCDIR(.\USER;.\Library) DE
                    -BUG PRINT(.\Listings\DS135_Tur_drive.lst) OBJECT(.\Objects\DS135_Tur_drive.obj) 

stmt  level    source

    1          #include "DS135_tur_drive.h"
    2          
    3          #include "stc32g.h"
    4          #include "STC32G_ADC.h"
    5          #include "STC32G_GPIO.h"
    6          #include "STC32G_Delay.h"
    7          
    8          #include "math.h"
    9          
   10          #define V_REF 3.3f
   11          
   12          sbit Tr = P1^1; //ЗЂЩфЙмПижЦЖЫПк
   13          
   14          #define K       20000.0f //злКЯГЃЪ§
   15          #define OFFSET  -2280.0f //ЯпадНиОр
   16          #define GAIN    16.0f //дЫЗХдівц
   17          
   18          #define Tr_ON   Tr = 1
   19          #define Tr_OFF  Tr = 0
   20          
   21          static float Avg_Filter(float in_data);
   22          
   23          void Tur_Init(void)
   24          {
   25   1          ADC_InitTypeDef ADC_InitSruct;
   26   1      
   27   1          P1_MODE_IN_HIZ(GPIO_Pin_0); // P1.0ЩшжУЮЊИпзшЪфШы(ADC0)
   28   1          P1_MODE_OUT_PP(GPIO_Pin_1); // P1.1ЩшжУЮЊЭЦЭьЪфГі
   29   1          
   30   1          Tr_ON;
   31   1          
   32   1          ADC_InitSruct.ADC_SMPduty = 31;
   33   1          ADC_InitSruct.ADC_Speed = ADC_SPEED_2X16T;
   34   1          ADC_InitSruct.ADC_AdjResult = ADC_LEFT_JUSTIFIED;
   35   1          ADC_InitSruct.ADC_CsSetup = 0;
   36   1          ADC_InitSruct.ADC_CsHold = 1;
   37   1      
   38   1          ADC_Inilize(&ADC_InitSruct);
   39   1          ADC_PowerControl(ENABLE);
   40   1      }
   41          
   42          float Tur_Read(void)
   43          {
   44   1          u16 adc_val = 0;
   45   1          float adc_vol = 0.0f;
   46   1          float tur_val = 0.0f;
   47   1          
   48   1          adc_val = Get_ADCResult(ADC_CH0);
   49   1          adc_vol = (float)adc_val * V_REF / 4096;
   50   1          adc_vol = Avg_Filter(adc_vol);  //ТЫВЈ
   51   1      
   52   1          //зЧЖШЪ§ОнзЊЛЛ
   53   1          adc_vol /= GAIN;
   54   1      //    tur_val = adc_vol * K + OFFSET;
   55   1          return adc_vol;
   56   1      }
   57          
   58          #define AVG_NUMS 10
C251 COMPILER V5.60.0,  DS135_Tur_drive                                                    04/06/25  14:07:30  PAGE 2   

   59          volatile float dat[AVG_NUMS] = {0.0f};
   60          static float Avg_Filter(float in_data)
   61          {
   62   1          float sum_data = 0.0f;
   63   1          int i = 0;
   64   1          // ЧАвЦЃЈзѓвЦЃЉЛЌЖЏДАПк
   65   1          for (; i < AVG_NUMS - 1; i++) {
   66   2              dat[i] = dat[i + 1];
   67   2              sum_data += dat[i];
   68   2          }
   69   1          dat[AVG_NUMS - 1] = in_data;
   70   1          sum_data += dat[AVG_NUMS - 1];
   71   1          return (sum_data / AVG_NUMS);
   72   1      }


Module Information          Static   Overlayable
------------------------------------------------
  code size            =       162     ------
  ecode size           =    ------     ------
  data size            =    ------     ------
  idata size           =    ------     ------
  pdata size           =    ------     ------
  xdata size           =    ------     ------
  xdata-const size     =    ------     ------
  edata size           =        40          5
  bit size             =    ------     ------
  ebit size            =    ------     ------
  bitaddressable size  =    ------     ------
  ebitaddressable size =    ------     ------
  far data size        =    ------     ------
  huge data size       =    ------     ------
  const size           =    ------     ------
  hconst size          =        44     ------
End of Module Information.


C251 COMPILATION COMPLETE.  0 WARNING(S),  0 ERROR(S)
