C251 COMPILER V5.60.0,  DS134_Color_drive                                                  19/05/26  11:10:49  PAGE 1   


C251 COMPILER V5.60.0, COMPILATION OF MODULE DS134_Color_drive
OBJECT MODULE PLACED IN .\Objects\DS134_Color_drive.obj
COMPILER INVOKED BY: C:\Keil_v5\C251\BIN\C251.EXE USER\DS134_Color_drive.c XSMALL INTR2 BROWSE INCDIR(.\USER;.\Library) 
                    -DEBUG PRINT(.\Listings\DS134_Color_drive.lst) OBJECT(.\Objects\DS134_Color_drive.obj) 

stmt  level    source

    1          #include "DS134_Color_drive.h"
    2          
    3          #include <string.h>
    4          
    5          #include "stc32g.h"
    6          #include "sw_iic.h"
    7          //#include "STC32G_I2C.h"
    8          #include "STC32G_GPIO.h"
    9          #include "STC32G_Delay.h"
   10          
   11          #include "LED_drive.h"
   12          
   13          //#include <math.h>
   14          
   15          sbit INT = P1^1; //ДЋИаЦїЕФINTЖЫПк
   16          
   17          #define FALSE 0
   18          #define TRUE  1
   19          
   20          tcs3400_data_t sensor;
   21          
   22          static void tcs3400_init(void);
   23          static void tcs3400_read_color(tcs3400_data_t *dev);
   24          static void tcs3400_write_register(u8 reg, u8 val);
   25          static void tcs3400_read_register(u8 reg, u8 *val);
   26          static int8 tcs3400_read_data(u8 dev_addr, u8 reg_addr, u8 *dat, u16 len);
   27          
   28          /**
   29            * @brief  ГѕЪМЛЏTCS3400ДЋИаЦї
   30            * @retval ГЩЙІЗЕЛи0ЃЌЪЇАмЗЕЛи1
   31            */
   32          u8 DS134_Init(void)
   33          {
   34   1      /**********************************ЭтЩшГѕЪМЛЏ**********************************/
   35   1          DIS_LED_init();
   36   1          DIS_LED_ALL_off();
   37   1          P1_MODE_IN_HIZ(GPIO_Pin_1); // P1.1ЩшжУЮЊИпзшЪфШы
   38   1          soft_i2c_init();
   39   1      /*********************************ДЋИаЦїГѕЪМЛЏ*********************************/
   40   1          tcs3400_init();
   41   1      
   42   1          return 0;
   43   1      }
   44          
   45          /**
   46            * @brief  ЖСШЁR-G-BЕЦееЩфЯТЃЌЭИЩфЕФR-G-BЩЋЖШЁЃ
   47            * @para   ДцЗХR-G-BЪ§ОнЕФЪ§зщжИеы
   48            */
   49          void DS134_GetRGB(float *dat)
   50          {
   51   1          DIS_LED_Just_One_Enable(1);  // КьЩЋ
   52   1          delay_ms(30);
   53   1          tcs3400_read_color(&sensor);
   54   1          dat[0] = sensor.red;
   55   1      
   56   1          DIS_LED_Just_One_Enable(2);  // ТЬЩЋ
   57   1          delay_ms(30);
   58   1          tcs3400_read_color(&sensor);
C251 COMPILER V5.60.0,  DS134_Color_drive                                                  19/05/26  11:10:49  PAGE 2   

   59   1          dat[1] = sensor.green;
   60   1      
   61   1          DIS_LED_Just_One_Enable(3);  // РЖЩЋ
   62   1          delay_ms(30);
   63   1          tcs3400_read_color(&sensor);
   64   1          dat[2] = sensor.blue;
   65   1          
   66   1          DIS_LED_ALL_off();
   67   1      
   68   1      }
   69          
   70          static void tcs3400_init(void) 
   71          {
   72   1          tcs3400_write_register(TCS3400_ENABLE, 0x00);
   73   1          // ЩшжУЛ§ЗжЪБМф
   74   1          tcs3400_write_register(TCS3400_ATIME, 0xFF);//1024 step
   75   1          // ЩшжУдівц
   76   1          tcs3400_write_register(TCS3400_CONTROL, 0x00);// 1x
   77   1          tcs3400_write_register(TCS3400_PERS, 0x0F);
   78   1          
   79   1      //    // ЩшжУзюаЁУХЯо
   80   1      //    tcs3400_write_register(TCS3400_AILTL, 0x00);  // AILTL
   81   1      //    tcs3400_write_register(TCS3400_AILTH, 0x00);  // AILTH
   82   1      //    // ЩшжУзюДѓУХЯо
   83   1      //    tcs3400_write_register(TCS3400_AIHTL, 0xFF);  // AIHTL
   84   1      //    tcs3400_write_register(TCS3400_AIHTH, 0xFF);  // AIHTH
   85   1      
   86   1          // ЦєгУДЋИаЦїКЭADC
   87   1          tcs3400_write_register(TCS3400_ENABLE, TCS3400_ENABLE_PON);
   88   1          delay_ms(3);
   89   1          tcs3400_write_register(TCS3400_ENABLE, TCS3400_ENABLE_PON | TCS3400_ENABLE_AEN);
   90   1      
   91   1          delay_ms(150);
   92   1      }
   93          
   94          static void tcs3400_read_color(tcs3400_data_t *dev) 
   95          {
   96   1          u8 status = 0;
   97   1          u8 buf[8] = {0};
   98   1          float rgb_sum = 0.0f;
   99   1          
  100   1          do{
  101   2          tcs3400_read_register(TCS3400_STATUS,&status);
  102   2          }
  103   1          while(!(status & 0x01));
  104   1          
  105   1          tcs3400_read_data(TCS3400_I2C_ADDR, TCS3400_CDATAL, buf, 8);
  106   1          
  107   1      //    dev->clear = (buf[1] << 8) | buf[0];
  108   1          dev->red   = (buf[3] << 8) | buf[2];
  109   1          dev->green = (buf[5] << 8) | buf[4];
  110   1          dev->blue  = (buf[7] << 8) | buf[6];
  111   1          rgb_sum = dev->red + dev->green + dev->blue;
  112   1          if(rgb_sum != 0.0f)
  113   1          {
  114   2              dev->red = dev->red / rgb_sum * 100.0f;
  115   2              dev->green = dev->green / rgb_sum * 100.0f;
  116   2              dev->blue = dev->blue / rgb_sum * 100.0f;
  117   2          }
  118   1      }
  119          
  120          static void tcs3400_write_register(u8 reg, u8 val)
  121          {
  122   1          soft_i2c_start();
  123   1          soft_i2c_write_byte(TCS3400_I2C_ADDR << 1);  // аДЕижЗ
  124   1          soft_i2c_write_byte(TCS3400_ENABLE | reg);
C251 COMPILER V5.60.0,  DS134_Color_drive                                                  19/05/26  11:10:49  PAGE 3   

  125   1          soft_i2c_write_byte(val);
  126   1          soft_i2c_stop();
  127   1      }
  128          
  129          static void tcs3400_read_register(u8 reg, u8 *val)
  130          {
  131   1          soft_i2c_start();
  132   1          soft_i2c_write_byte(TCS3400_I2C_ADDR << 1);  // аДЕижЗ
  133   1          soft_i2c_write_byte(reg);
  134   1          soft_i2c_start();                   // жиЦє
  135   1          soft_i2c_write_byte((TCS3400_I2C_ADDR << 1) | 1);  // ЖСЕижЗ
  136   1          *val = soft_i2c_read_byte(NACK);    // ЖС + NACK
  137   1          soft_i2c_stop();
  138   1      }
  139          
  140          //ЯШаДФПБъМФДцЦїдйЖСЪ§Он
  141          static int8 tcs3400_read_data(u8 dev_addr, u8 reg_addr, u8 *dat, u16 len)
  142          {
  143   1          u16 i;
  144   1          soft_i2c_start();
  145   1          if (!soft_i2c_write_byte(dev_addr << 1)) // аДЕижЗ
  146   1          {
  147   2              soft_i2c_stop();
  148   2              return -1;
  149   2          }
  150   1          if (!soft_i2c_write_byte(reg_addr)) // аДМФДцЦї
  151   1          {
  152   2              soft_i2c_stop();
  153   2              return -2;
  154   2          }
  155   1          soft_i2c_start();
  156   1          
  157   1          if (!soft_i2c_write_byte((dev_addr << 1) | 0x01)) // ЖСЕижЗ
  158   1          {
  159   2              soft_i2c_stop();
  160   2              return -3;
  161   2          }
  162   1          for (i = 0; i < len; i++) {
  163   2              dat[i] = soft_i2c_read_byte(i < (len - 1)); // зюКѓвЛИіЗЂNACK
  164   2          }
  165   1          soft_i2c_stop();
  166   1          return 0;
  167   1      }


Module Information          Static   Overlayable
------------------------------------------------
  code size            =       672     ------
  ecode size           =    ------     ------
  data size            =    ------     ------
  idata size           =    ------     ------
  pdata size           =    ------     ------
  xdata size           =    ------     ------
  xdata-const size     =    ------     ------
  edata size           =        12         20
  bit size             =    ------     ------
  ebit size            =    ------     ------
  bitaddressable size  =    ------     ------
  ebitaddressable size =    ------     ------
  far data size        =    ------     ------
  huge data size       =    ------     ------
  const size           =    ------     ------
  hconst size          =         8     ------
End of Module Information.


C251 COMPILATION COMPLETE.  0 WARNING(S),  0 ERROR(S)
